0 verbose cli /usr/bin/node /usr/lib/node_modules/npm/bin/npm-cli.js
1 info using npm@8.19.4
2 info using node@v16.20.2
3 timing npm:load:whichnode Completed in 0ms
4 timing config:load:defaults Completed in 1ms
5 timing config:load:file:/usr/lib/node_modules/npm/npmrc Completed in 2ms
6 timing config:load:builtin Completed in 4ms
7 timing config:load:cli Completed in 1ms
8 timing config:load:env Completed in 1ms
9 timing config:load:project Completed in 10ms
10 timing config:load:file:/home/vagrant/.npmrc Completed in 1ms
11 timing config:load:user Completed in 1ms
12 timing config:load:file:/usr/etc/npmrc Completed in 0ms
13 timing config:load:global Completed in 0ms
14 timing config:load:validate Completed in 0ms
15 timing config:load:credentials Completed in 1ms
16 timing config:load:setEnvs Completed in 0ms
17 timing config:load Completed in 19ms
18 timing npm:load:configload Completed in 19ms
19 timing npm:load:mkdirpcache Completed in 65ms
20 timing npm:load:mkdirplogs Completed in 1ms
21 verbose title npm exec create-react-app devops
22 verbose argv "exec" "--" "create-react-app" "devops"
23 timing npm:load:setTitle Completed in 1ms
24 timing config:load:flatten Completed in 3ms
25 timing npm:load:display Completed in 5ms
26 verbose logfile logs-max:10 dir:/home/vagrant/.npm/_logs
27 verbose logfile /home/vagrant/.npm/_logs/2024-06-11T08_17_58_646Z-debug-0.log
28 timing npm:load:logFile Completed in 5ms
29 timing npm:load:timers Completed in 0ms
30 timing npm:load:configScope Completed in 0ms
31 timing npm:load Completed in 99ms
32 silly logfile done cleaning log files
33 timing arborist:ctor Completed in 1ms
34 http fetch GET 200 https://registry.npmjs.org/create-react-app 2083ms (cache miss)
35 timing arborist:ctor Completed in 0ms
36 timing arborist:ctor Completed in 0ms
37 http fetch GET 200 https://registry.npmjs.org/npm 2362ms (cache miss)
38 timing command:exec Completed in 2476ms
39 notice
39 notice New [31mmajor[39m version of npm available! [31m8.19.4[39m -> [32m10.8.1[39m
39 notice Changelog: [36mhttps://github.com/npm/cli/releases/tag/v10.8.1[39m
39 notice Run [32mnpm install -g npm@10.8.1[39m to update!
39 notice
40 verbose stack Error: canceled
40 verbose stack     at Interface.<anonymous> (/usr/lib/node_modules/npm/node_modules/read/lib/read.js:66:13)
40 verbose stack     at Interface.emit (node:events:513:28)
40 verbose stack     at Interface._ttyWrite (node:readline:1085:16)
40 verbose stack     at ReadStream.onkeypress (node:readline:291:10)
40 verbose stack     at ReadStream.emit (node:events:513:28)
40 verbose stack     at emitKeys (node:internal/readline/utils:357:14)
40 verbose stack     at emitKeys.next (<anonymous>)
40 verbose stack     at ReadStream.onData (node:internal/readline/emitKeypressEvents:61:36)
40 verbose stack     at ReadStream.emit (node:events:513:28)
40 verbose stack     at addChunk (node:internal/streams/readable:315:12)
41 verbose cwd /home/vagrant
42 verbose Linux 4.15.0-58-generic
43 verbose node v16.20.2
44 verbose npm  v8.19.4
45 error canceled
46 verbose exit 1
47 timing npm Completed in 2657ms
48 verbose code 1
49 error A complete log of this run can be found in:
49 error     /home/vagrant/.npm/_logs/2024-06-11T08_17_58_646Z-debug-0.log
