0 verbose cli /usr/bin/node /usr/bin/npm
1 info using npm@8.19.4
2 info using node@v16.20.2
3 timing npm:load:whichnode Completed in 0ms
4 timing config:load:defaults Completed in 4ms
5 timing config:load:file:/usr/lib/node_modules/npm/npmrc Completed in 1ms
6 timing config:load:builtin Completed in 2ms
7 timing config:load:cli Completed in 2ms
8 timing config:load:env Completed in 1ms
9 timing config:load:file:/home/vagrant/devops/.npmrc Completed in 0ms
10 timing config:load:project Completed in 12ms
11 timing config:load:file:/home/vagrant/.npmrc Completed in 0ms
12 timing config:load:user Completed in 0ms
13 timing config:load:file:/usr/etc/npmrc Completed in 0ms
14 timing config:load:global Completed in 1ms
15 timing config:load:validate Completed in 0ms
16 timing config:load:credentials Completed in 1ms
17 timing config:load:setEnvs Completed in 1ms
18 timing config:load Completed in 24ms
19 timing npm:load:configload Completed in 24ms
20 timing npm:load:mkdirpcache Completed in 1ms
21 timing npm:load:mkdirplogs Completed in 0ms
22 verbose title npm install @testing-library/jest-dom@^5.14.1 @testing-library/react@^13.0.0 @testing-library/user-event@^13.2.1 web-vitals@^2.1.0
23 verbose argv "install" "--no-audit" "--save" "@testing-library/jest-dom@^5.14.1" "@testing-library/react@^13.0.0" "@testing-library/user-event@^13.2.1" "web-vitals@^2.1.0"
24 timing npm:load:setTitle Completed in 1ms
25 timing config:load:flatten Completed in 2ms
26 timing npm:load:display Completed in 4ms
27 verbose logfile logs-max:10 dir:/home/vagrant/.npm/_logs
28 verbose logfile /home/vagrant/.npm/_logs/2024-06-11T08_20_58_523Z-debug-0.log
29 timing npm:load:logFile Completed in 5ms
30 timing npm:load:timers Completed in 0ms
31 timing npm:load:configScope Completed in 0ms
32 timing npm:load Completed in 35ms
33 timing arborist:ctor Completed in 0ms
34 silly logfile done cleaning log files
35 timing idealTree:init Completed in 1221ms
36 timing idealTree:userRequests Completed in 2ms
37 silly idealTree buildDeps
38 silly fetch manifest @testing-library/jest-dom@^5.14.1
39 timing arborist:ctor Completed in 0ms
40 http fetch GET 200 https://registry.npmjs.org/@testing-library%2fjest-dom 1408ms (cache miss)
41 silly fetch manifest @testing-library/react@^13.0.0
42 http fetch GET 200 https://registry.npmjs.org/@testing-library%2freact 218ms (cache miss)
43 silly fetch manifest react@^18.3.1
44 http fetch GET 200 https://registry.npmjs.org/react 19ms (cache hit)
45 silly fetch manifest react-dom@^18.3.1
46 http fetch GET 200 https://registry.npmjs.org/react-dom 9ms (cache hit)
47 silly fetch manifest @testing-library/user-event@^13.2.1
48 http fetch GET 200 https://registry.npmjs.org/@testing-library%2fuser-event 302ms (cache miss)
49 silly fetch manifest @testing-library/dom@>=7.21.4
50 http fetch GET 200 https://registry.npmjs.org/@testing-library%2fdom 251ms (cache miss)
51 silly fetch manifest web-vitals@^2.1.0
52 http fetch GET 200 https://registry.npmjs.org/web-vitals 102ms (cache miss)
53 silly placeDep ROOT @testing-library/jest-dom@5.17.0 OK for: devops@0.1.0 want: ^5.14.1
54 silly placeDep ROOT @testing-library/react@13.4.0 OK for: devops@0.1.0 want: ^13.0.0
55 silly placeDep ROOT @testing-library/user-event@13.5.0 OK for: devops@0.1.0 want: ^13.2.1
56 silly placeDep ROOT @testing-library/dom@10.1.0 OK for: @testing-library/user-event@13.5.0 want: >=7.21.4
57 silly placeDep ROOT web-vitals@2.1.4 OK for: devops@0.1.0 want: ^2.1.0
58 silly fetch manifest chalk@^3.0.0
59 silly fetch manifest redent@^3.0.0
60 silly fetch manifest css.escape@^1.5.1
61 silly fetch manifest @adobe/css-tools@^4.0.1
62 silly fetch manifest dom-accessibility-api@^0.5.6
63 silly fetch manifest @types/testing-library__jest-dom@^5.9.1
64 silly fetch manifest @testing-library/dom@^8.5.0
65 silly fetch manifest @types/react-dom@^18.0.0
66 silly fetch manifest @types/aria-query@^5.0.1
67 silly fetch manifest chalk@^4.1.0
68 silly fetch manifest dom-accessibility-api@^0.5.9
69 silly fetch manifest lz-string@^1.5.0
70 http fetch GET 200 https://registry.npmjs.org/chalk 1170ms (cache hit)
71 http fetch GET 200 https://registry.npmjs.org/chalk 1168ms (cache hit)
72 http fetch GET 200 https://registry.npmjs.org/redent 1179ms (cache miss)
73 http fetch GET 200 https://registry.npmjs.org/css.escape 1181ms (cache miss)
74 http fetch GET 200 https://registry.npmjs.org/@types%2faria-query 1179ms (cache miss)
75 http fetch GET 200 https://registry.npmjs.org/lz-string 1179ms (cache miss)
76 http fetch GET 200 https://registry.npmjs.org/@adobe%2fcss-tools 1185ms (cache miss)
77 http fetch GET 200 https://registry.npmjs.org/@types%2ftesting-library__jest-dom 1186ms (cache miss)
78 http fetch GET 200 https://registry.npmjs.org/dom-accessibility-api 1189ms (cache miss)
79 http fetch GET 200 https://registry.npmjs.org/dom-accessibility-api 1191ms (cache miss)
80 http fetch GET 200 https://registry.npmjs.org/@types%2freact-dom 1200ms (cache miss)
81 timing idealTree:#root Completed in 3595ms
82 silly placeDep ROOT @types/aria-query@5.0.4 OK for: @testing-library/dom@10.1.0 want: ^5.0.1
83 silly placeDep node_modules/@testing-library/dom chalk@4.1.2 OK for: @testing-library/dom@10.1.0 want: ^4.1.0
84 silly placeDep ROOT dom-accessibility-api@0.5.16 OK for: @testing-library/dom@10.1.0 want: ^0.5.9
85 silly placeDep ROOT lz-string@1.5.0 OK for: @testing-library/dom@10.1.0 want: ^1.5.0
86 silly fetch manifest ansi-styles@^4.1.0
87 silly fetch manifest supports-color@^7.1.0
88 http fetch GET 200 https://registry.npmjs.org/ansi-styles 6ms (cache hit)
89 http fetch GET 200 https://registry.npmjs.org/supports-color 6ms (cache hit)
90 timing idealTree:node_modules/@testing-library/dom Completed in 19ms
91 silly placeDep ROOT @adobe/css-tools@4.4.0 OK for: @testing-library/jest-dom@5.17.0 want: ^4.0.1
92 silly placeDep ROOT @types/testing-library__jest-dom@5.14.9 OK for: @testing-library/jest-dom@5.17.0 want: ^5.9.1
93 silly placeDep node_modules/@testing-library/jest-dom chalk@3.0.0 OK for: @testing-library/jest-dom@5.17.0 want: ^3.0.0
94 silly placeDep ROOT css.escape@1.5.1 OK for: @testing-library/jest-dom@5.17.0 want: ^1.5.1
95 silly placeDep ROOT redent@3.0.0 OK for: @testing-library/jest-dom@5.17.0 want: ^3.0.0
96 silly fetch manifest @types/jest@*
97 silly fetch manifest indent-string@^4.0.0
98 silly fetch manifest strip-indent@^3.0.0
99 http fetch GET 200 https://registry.npmjs.org/strip-indent 125ms (cache miss)
100 http fetch GET 200 https://registry.npmjs.org/indent-string 138ms (cache miss)
101 http fetch GET 200 https://registry.npmjs.org/@types%2fjest 231ms (cache miss)
102 timing idealTree:node_modules/@testing-library/jest-dom Completed in 240ms
103 timing idealTree:node_modules/@adobe/css-tools Completed in 0ms
104 silly placeDep node_modules/@testing-library/react @testing-library/dom@8.20.1 OK for: @testing-library/react@13.4.0 want: ^8.5.0
105 silly placeDep ROOT @types/react-dom@18.3.0 OK for: @testing-library/react@13.4.0 want: ^18.0.0
106 silly fetch manifest aria-query@5.1.3
107 silly fetch manifest @types/react@*
108 http fetch GET 200 https://registry.npmjs.org/aria-query 22ms (cache hit)
109 http fetch GET 200 https://registry.npmjs.org/@types%2freact 223ms (cache miss)
110 timing idealTree:node_modules/@testing-library/react Completed in 231ms
111 timing idealTree:node_modules/@testing-library/user-event Completed in 0ms
112 timing idealTree:node_modules/@types/aria-query Completed in 0ms
113 silly placeDep ROOT @types/react@18.3.3 OK for: @types/react-dom@18.3.0 want: *
114 silly fetch manifest @types/prop-types@*
115 silly fetch manifest csstype@^3.0.2
116 http fetch GET 200 https://registry.npmjs.org/@types%2fprop-types 129ms (cache miss)
117 http fetch GET 200 https://registry.npmjs.org/csstype 149ms (cache miss)
118 timing idealTree:node_modules/@types/react-dom Completed in 153ms
119 silly placeDep ROOT @types/prop-types@15.7.12 OK for: @types/react@18.3.3 want: *
120 silly placeDep ROOT csstype@3.1.3 OK for: @types/react@18.3.3 want: ^3.0.2
121 timing idealTree:node_modules/@types/react Completed in 3ms
122 timing idealTree:node_modules/@types/prop-types Completed in 0ms
123 silly placeDep ROOT @types/jest@29.5.12 OK for: @types/testing-library__jest-dom@5.14.9 want: *
124 silly fetch manifest expect@^29.0.0
125 silly fetch manifest pretty-format@^29.0.0
126 http fetch GET 200 https://registry.npmjs.org/expect 19ms (cache hit)
127 http fetch GET 200 https://registry.npmjs.org/pretty-format 23ms (cache hit)
128 timing idealTree:node_modules/@types/testing-library__jest-dom Completed in 29ms
129 silly placeDep node_modules/@types/jest expect@29.7.0 OK for: @types/jest@29.5.12 want: ^29.0.0
130 silly placeDep node_modules/@types/jest pretty-format@29.7.0 OK for: @types/jest@29.5.12 want: ^29.0.0
131 silly fetch manifest jest-util@^29.7.0
132 silly fetch manifest jest-get-type@^29.6.3
133 silly fetch manifest jest-message-util@^29.7.0
134 silly fetch manifest @jest/expect-utils@^29.7.0
135 silly fetch manifest jest-matcher-utils@^29.7.0
136 silly fetch manifest react-is@^18.0.0
137 silly fetch manifest ansi-styles@^5.0.0
138 silly fetch manifest @jest/schemas@^29.6.3
139 http fetch GET 200 https://registry.npmjs.org/jest-message-util 16ms (cache hit)
140 http fetch GET 200 https://registry.npmjs.org/jest-util 20ms (cache hit)
141 http fetch GET 200 https://registry.npmjs.org/jest-matcher-utils 20ms (cache hit)
142 http fetch GET 200 https://registry.npmjs.org/react-is 24ms (cache hit)
143 http fetch GET 200 https://registry.npmjs.org/@jest%2fschemas 41ms (cache hit)
144 http fetch GET 200 https://registry.npmjs.org/@jest%2fexpect-utils 132ms (cache miss)
145 http fetch GET 200 https://registry.npmjs.org/jest-get-type 1029ms (cache hit)
146 timing idealTree:node_modules/@types/jest Completed in 1033ms
147 timing idealTree:node_modules/css.escape Completed in 0ms
148 timing idealTree:node_modules/csstype Completed in 0ms
149 timing idealTree:node_modules/dom-accessibility-api Completed in 0ms
150 timing idealTree:node_modules/lz-string Completed in 0ms
151 silly fetch manifest typescript@^3.2.1 || ^4
152 http fetch GET 200 https://registry.npmjs.org/typescript 17ms (cache hit)
153 silly placeDep ROOT typescript@4.9.5 REPLACE for: react-scripts@5.0.1 want: ^3.2.1 || ^4
154 timing idealTree:node_modules/react-scripts Completed in 197ms
155 silly placeDep ROOT indent-string@4.0.0 OK for: redent@3.0.0 want: ^4.0.0
156 silly placeDep ROOT strip-indent@3.0.0 OK for: redent@3.0.0 want: ^3.0.0
157 silly fetch manifest min-indent@^1.0.0
158 http fetch GET 200 https://registry.npmjs.org/min-indent 126ms (cache miss)
159 timing idealTree:node_modules/redent Completed in 130ms
160 timing idealTree:node_modules/indent-string Completed in 0ms
161 silly placeDep ROOT min-indent@1.0.1 OK for: strip-indent@3.0.0 want: ^1.0.0
162 timing idealTree:node_modules/strip-indent Completed in 3ms
163 timing idealTree:node_modules/min-indent Completed in 0ms
164 timing idealTree:node_modules/typescript Completed in 0ms
165 timing idealTree:node_modules/web-vitals Completed in 0ms
166 silly placeDep node_modules/@testing-library/dom ansi-styles@4.3.0 OK for: chalk@4.1.2 want: ^4.1.0
167 silly placeDep node_modules/@testing-library/dom supports-color@7.2.0 OK for: chalk@4.1.2 want: ^7.1.0
168 silly fetch manifest color-convert@^2.0.1
169 silly fetch manifest has-flag@^4.0.0
170 http fetch GET 200 https://registry.npmjs.org/color-convert 7ms (cache hit)
171 http fetch GET 200 https://registry.npmjs.org/has-flag 6ms (cache hit)
172 timing idealTree:node_modules/@testing-library/dom/node_modules/chalk Completed in 14ms
173 silly placeDep node_modules/@testing-library/dom color-convert@2.0.1 OK for: ansi-styles@4.3.0 want: ^2.0.1
174 silly fetch manifest color-name@~1.1.4
175 http fetch GET 200 https://registry.npmjs.org/color-name 627ms (cache hit)
176 timing idealTree:node_modules/@testing-library/dom/node_modules/ansi-styles Completed in 631ms
177 silly placeDep node_modules/@testing-library/dom color-name@1.1.4 OK for: color-convert@2.0.1 want: ~1.1.4
178 timing idealTree:node_modules/@testing-library/dom/node_modules/color-convert Completed in 1ms
179 timing idealTree:node_modules/@testing-library/dom/node_modules/color-name Completed in 0ms
180 silly placeDep node_modules/@testing-library/dom has-flag@4.0.0 OK for: supports-color@7.2.0 want: ^4.0.0
181 timing idealTree:node_modules/@testing-library/dom/node_modules/supports-color Completed in 1ms
182 timing idealTree:node_modules/@testing-library/dom/node_modules/has-flag Completed in 0ms
183 silly placeDep node_modules/@testing-library/jest-dom ansi-styles@4.3.0 OK for: chalk@3.0.0 want: ^4.1.0
184 silly placeDep node_modules/@testing-library/jest-dom supports-color@7.2.0 OK for: chalk@3.0.0 want: ^7.1.0
185 timing idealTree:node_modules/@testing-library/jest-dom/node_modules/chalk Completed in 3ms
186 silly placeDep node_modules/@testing-library/jest-dom color-convert@2.0.1 OK for: ansi-styles@4.3.0 want: ^2.0.1
187 timing idealTree:node_modules/@testing-library/jest-dom/node_modules/ansi-styles Completed in 1ms
188 silly placeDep node_modules/@testing-library/jest-dom color-name@1.1.4 OK for: color-convert@2.0.1 want: ~1.1.4
189 timing idealTree:node_modules/@testing-library/jest-dom/node_modules/color-convert Completed in 0ms
190 timing idealTree:node_modules/@testing-library/jest-dom/node_modules/color-name Completed in 0ms
191 silly placeDep node_modules/@testing-library/jest-dom has-flag@4.0.0 OK for: supports-color@7.2.0 want: ^4.0.0
192 timing idealTree:node_modules/@testing-library/jest-dom/node_modules/supports-color Completed in 1ms
193 timing idealTree:node_modules/@testing-library/jest-dom/node_modules/has-flag Completed in 0ms
194 silly placeDep node_modules/@testing-library/react aria-query@5.1.3 OK for: @testing-library/dom@8.20.1 want: 5.1.3
195 silly placeDep node_modules/@testing-library/react chalk@4.1.2 OK for: @testing-library/dom@8.20.1 want: ^4.1.0
196 silly fetch manifest deep-equal@^2.0.5
197 http fetch GET 200 https://registry.npmjs.org/deep-equal 125ms (cache miss)
198 timing idealTree:node_modules/@testing-library/react/node_modules/@testing-library/dom Completed in 129ms
199 silly placeDep ROOT deep-equal@2.2.3 OK for: aria-query@5.1.3 want: ^2.0.5
200 silly fetch manifest es-get-iterator@^1.1.3
201 silly fetch manifest is-arguments@^1.1.1
202 silly fetch manifest object-is@^1.1.5
203 http fetch GET 200 https://registry.npmjs.org/is-arguments 122ms (cache miss)
204 http fetch GET 200 https://registry.npmjs.org/object-is 122ms (cache miss)
205 http fetch GET 200 https://registry.npmjs.org/es-get-iterator 125ms (cache miss)
206 timing idealTree:node_modules/@testing-library/react/node_modules/aria-query Completed in 133ms
207 silly placeDep ROOT es-get-iterator@1.1.3 OK for: deep-equal@2.2.3 want: ^1.1.3
208 silly placeDep ROOT is-arguments@1.1.1 OK for: deep-equal@2.2.3 want: ^1.1.1
209 silly placeDep ROOT object-is@1.1.6 OK for: deep-equal@2.2.3 want: ^1.1.5
210 silly fetch manifest stop-iteration-iterator@^1.0.0
211 http fetch GET 200 https://registry.npmjs.org/stop-iteration-iterator 96ms (cache miss)
212 timing idealTree:node_modules/deep-equal Completed in 103ms
213 silly placeDep ROOT stop-iteration-iterator@1.0.0 OK for: es-get-iterator@1.1.3 want: ^1.0.0
214 timing idealTree:node_modules/es-get-iterator Completed in 3ms
215 timing idealTree:node_modules/is-arguments Completed in 0ms
216 timing idealTree:node_modules/object-is Completed in 0ms
217 timing idealTree:node_modules/stop-iteration-iterator Completed in 0ms
218 silly placeDep node_modules/@testing-library/react ansi-styles@4.3.0 OK for: chalk@4.1.2 want: ^4.1.0
219 silly placeDep node_modules/@testing-library/react supports-color@7.2.0 OK for: chalk@4.1.2 want: ^7.1.0
220 timing idealTree:node_modules/@testing-library/react/node_modules/chalk Completed in 15ms
221 silly placeDep node_modules/@testing-library/react color-convert@2.0.1 OK for: ansi-styles@4.3.0 want: ^2.0.1
222 timing idealTree:node_modules/@testing-library/react/node_modules/ansi-styles Completed in 1ms
223 silly placeDep node_modules/@testing-library/react color-name@1.1.4 OK for: color-convert@2.0.1 want: ~1.1.4
224 timing idealTree:node_modules/@testing-library/react/node_modules/color-convert Completed in 1ms
225 timing idealTree:node_modules/@testing-library/react/node_modules/color-name Completed in 0ms
226 silly placeDep node_modules/@testing-library/react has-flag@4.0.0 OK for: supports-color@7.2.0 want: ^4.0.0
227 timing idealTree:node_modules/@testing-library/react/node_modules/supports-color Completed in 1ms
228 timing idealTree:node_modules/@testing-library/react/node_modules/has-flag Completed in 0ms
229 silly placeDep ROOT @jest/expect-utils@29.7.0 OK for: expect@29.7.0 want: ^29.7.0
230 silly placeDep node_modules/@types/jest jest-get-type@29.6.3 OK for: expect@29.7.0 want: ^29.6.3
231 silly placeDep node_modules/@types/jest jest-matcher-utils@29.7.0 OK for: expect@29.7.0 want: ^29.7.0
232 silly placeDep node_modules/@types/jest jest-message-util@29.7.0 OK for: expect@29.7.0 want: ^29.7.0
233 silly placeDep node_modules/@types/jest jest-util@29.7.0 OK for: expect@29.7.0 want: ^29.7.0
234 silly fetch manifest chalk@^4.0.0
235 silly fetch manifest jest-diff@^29.7.0
236 silly fetch manifest @jest/types@^29.6.3
237 http fetch GET 200 https://registry.npmjs.org/jest-diff 25ms (cache hit)
238 http fetch GET 200 https://registry.npmjs.org/@jest%2ftypes 26ms (cache hit)
239 timing idealTree:node_modules/@types/jest/node_modules/expect Completed in 35ms
240 silly placeDep node_modules/@jest/expect-utils jest-get-type@29.6.3 OK for: @jest/expect-utils@29.7.0 want: ^29.6.3
241 timing idealTree:node_modules/@jest/expect-utils Completed in 0ms
242 timing idealTree:node_modules/@jest/expect-utils/node_modules/jest-get-type Completed in 0ms
243 timing idealTree:node_modules/@types/jest/node_modules/jest-get-type Completed in 0ms
244 silly placeDep node_modules/@types/jest chalk@4.1.2 OK for: jest-matcher-utils@29.7.0 want: ^4.0.0
245 silly placeDep node_modules/@types/jest jest-diff@29.7.0 OK for: jest-matcher-utils@29.7.0 want: ^29.7.0
246 silly fetch manifest diff-sequences@^29.6.3
247 http fetch GET 200 https://registry.npmjs.org/diff-sequences 3ms (cache hit)
248 timing idealTree:node_modules/@types/jest/node_modules/jest-matcher-utils Completed in 7ms
249 silly placeDep node_modules/@types/jest ansi-styles@4.3.0 OK for: chalk@4.1.2 want: ^4.1.0
250 silly placeDep node_modules/@types/jest supports-color@7.2.0 OK for: chalk@4.1.2 want: ^7.1.0
251 timing idealTree:node_modules/@types/jest/node_modules/chalk Completed in 4ms
252 silly placeDep node_modules/@types/jest color-convert@2.0.1 OK for: ansi-styles@4.3.0 want: ^2.0.1
253 timing idealTree:node_modules/@types/jest/node_modules/ansi-styles Completed in 1ms
254 silly placeDep node_modules/@types/jest color-name@1.1.4 OK for: color-convert@2.0.1 want: ~1.1.4
255 timing idealTree:node_modules/@types/jest/node_modules/color-convert Completed in 1ms
256 timing idealTree:node_modules/@types/jest/node_modules/color-name Completed in 0ms
257 silly placeDep node_modules/@types/jest diff-sequences@29.6.3 OK for: jest-diff@29.7.0 want: ^29.6.3
258 timing idealTree:node_modules/@types/jest/node_modules/jest-diff Completed in 1ms
259 timing idealTree:node_modules/@types/jest/node_modules/diff-sequences Completed in 0ms
260 silly placeDep node_modules/@types/jest @jest/types@29.6.3 OK for: jest-message-util@29.7.0 want: ^29.6.3
261 silly fetch manifest @types/yargs@^17.0.8
262 http fetch GET 200 https://registry.npmjs.org/@types%2fyargs 3ms (cache hit)
263 timing idealTree:node_modules/@types/jest/node_modules/jest-message-util Completed in 6ms
264 silly placeDep node_modules/@types/jest @jest/schemas@29.6.3 OK for: @jest/types@29.6.3 want: ^29.6.3
265 silly placeDep node_modules/@types/jest @types/yargs@17.0.32 OK for: @jest/types@29.6.3 want: ^17.0.8
266 silly fetch manifest @sinclair/typebox@^0.27.8
267 http fetch GET 200 https://registry.npmjs.org/@sinclair%2ftypebox 4ms (cache hit)
268 timing idealTree:node_modules/@types/jest/node_modules/@jest/types Completed in 12ms
269 silly placeDep node_modules/@types/jest @sinclair/typebox@0.27.8 OK for: @jest/schemas@29.6.3 want: ^0.27.8
270 timing idealTree:node_modules/@types/jest/node_modules/@jest/schemas Completed in 1ms
271 timing idealTree:node_modules/@types/jest/node_modules/@sinclair/typebox Completed in 0ms
272 timing idealTree:node_modules/@types/jest/node_modules/@types/yargs Completed in 0ms
273 timing idealTree:node_modules/@types/jest/node_modules/jest-util Completed in 0ms
274 silly placeDep node_modules/@types/jest/node_modules/pretty-format ansi-styles@5.2.0 OK for: pretty-format@29.7.0 want: ^5.0.0
275 silly placeDep node_modules/@types/jest react-is@18.3.1 OK for: pretty-format@29.7.0 want: ^18.0.0
276 timing idealTree:node_modules/@types/jest/node_modules/pretty-format Completed in 1ms
277 timing idealTree:node_modules/@types/jest/node_modules/react-is Completed in 0ms
278 silly placeDep node_modules/@types/jest has-flag@4.0.0 OK for: supports-color@7.2.0 want: ^4.0.0
279 timing idealTree:node_modules/@types/jest/node_modules/supports-color Completed in 1ms
280 timing idealTree:node_modules/@types/jest/node_modules/has-flag Completed in 0ms
281 timing idealTree:node_modules/@types/jest/node_modules/pretty-format/node_modules/ansi-styles Completed in 0ms
282 timing idealTree:buildDeps Completed in 6748ms
283 timing idealTree:fixDepFlags Completed in 45ms
284 warn EBADENGINE Unsupported engine {
284 warn EBADENGINE   package: '@testing-library/dom@10.1.0',
284 warn EBADENGINE   required: { node: '>=18' },
284 warn EBADENGINE   current: { node: 'v16.20.2', npm: '8.19.4' }
284 warn EBADENGINE }
285 timing idealTree Completed in 8033ms
286 timing reify:loadTrees Completed in 8034ms
287 timing reify:diffTrees Completed in 2808ms
288 silly reify mark retired [
288 silly reify   '/home/vagrant/devops/node_modules/typescript',
288 silly reify   '/home/vagrant/devops/node_modules/.bin/tsc',
288 silly reify   '/home/vagrant/devops/node_modules/.bin/tsserver'
288 silly reify ]
289 silly reify moves {
289 silly reify   '/home/vagrant/devops/node_modules/typescript': '/home/vagrant/devops/node_modules/.typescript-uI9L9wrM',
289 silly reify   '/home/vagrant/devops/node_modules/.bin/tsc': '/home/vagrant/devops/node_modules/.bin/.tsc-hWnJrkZp',
289 silly reify   '/home/vagrant/devops/node_modules/.bin/tsserver': '/home/vagrant/devops/node_modules/.bin/.tsserver-pcXfQOQx'
289 silly reify }
290 timing reify:retireShallow Completed in 3ms
291 timing reify:createSparse Completed in 450ms
292 timing reify:loadBundles Completed in 0ms
293 verbose reify failed optional dependency /home/vagrant/devops/node_modules/fsevents
294 silly reify mark deleted [ '/home/vagrant/devops/node_modules/fsevents' ]
295 timing reifyNode:node_modules/fsevents Completed in 18ms
296 silly tarball no local data for @jest/expect-utils@https://registry.npmjs.org/@jest/expect-utils/-/expect-utils-29.7.0.tgz. Extracting by manifest.
297 silly tarball no local data for object-is@https://registry.npmjs.org/object-is/-/object-is-1.1.6.tgz. Extracting by manifest.
298 silly tarball no local data for stop-iteration-iterator@https://registry.npmjs.org/stop-iteration-iterator/-/stop-iteration-iterator-1.0.0.tgz. Extracting by manifest.
299 silly tarball no local data for is-arguments@https://registry.npmjs.org/is-arguments/-/is-arguments-1.1.1.tgz. Extracting by manifest.
300 silly tarball no local data for es-get-iterator@https://registry.npmjs.org/es-get-iterator/-/es-get-iterator-1.1.3.tgz. Extracting by manifest.
301 silly tarball no local data for deep-equal@https://registry.npmjs.org/deep-equal/-/deep-equal-2.2.3.tgz. Extracting by manifest.
302 silly tarball no local data for strip-indent@https://registry.npmjs.org/strip-indent/-/strip-indent-3.0.0.tgz. Extracting by manifest.
303 silly tarball no local data for min-indent@https://registry.npmjs.org/min-indent/-/min-indent-1.0.1.tgz. Extracting by manifest.
304 silly tarball no local data for indent-string@https://registry.npmjs.org/indent-string/-/indent-string-4.0.0.tgz. Extracting by manifest.
305 silly tarball no local data for @types/jest@https://registry.npmjs.org/@types/jest/-/jest-29.5.12.tgz. Extracting by manifest.
306 silly tarball no local data for csstype@https://registry.npmjs.org/csstype/-/csstype-3.1.3.tgz. Extracting by manifest.
307 silly tarball no local data for @types/prop-types@https://registry.npmjs.org/@types/prop-types/-/prop-types-15.7.12.tgz. Extracting by manifest.
308 silly tarball no local data for @types/react@https://registry.npmjs.org/@types/react/-/react-18.3.3.tgz. Extracting by manifest.
309 silly tarball no local data for @types/react-dom@https://registry.npmjs.org/@types/react-dom/-/react-dom-18.3.0.tgz. Extracting by manifest.
310 silly tarball no local data for redent@https://registry.npmjs.org/redent/-/redent-3.0.0.tgz. Extracting by manifest.
311 silly tarball no local data for css.escape@https://registry.npmjs.org/css.escape/-/css.escape-1.5.1.tgz. Extracting by manifest.
312 silly tarball no local data for @types/testing-library__jest-dom@https://registry.npmjs.org/@types/testing-library__jest-dom/-/testing-library__jest-dom-5.14.9.tgz. Extracting by manifest.
313 silly tarball no local data for @adobe/css-tools@https://registry.npmjs.org/@adobe/css-tools/-/css-tools-4.4.0.tgz. Extracting by manifest.
314 silly tarball no local data for lz-string@https://registry.npmjs.org/lz-string/-/lz-string-1.5.0.tgz. Extracting by manifest.
315 silly tarball no local data for dom-accessibility-api@https://registry.npmjs.org/dom-accessibility-api/-/dom-accessibility-api-0.5.16.tgz. Extracting by manifest.
316 silly tarball no local data for @types/aria-query@https://registry.npmjs.org/@types/aria-query/-/aria-query-5.0.4.tgz. Extracting by manifest.
317 silly tarball no local data for web-vitals@https://registry.npmjs.org/web-vitals/-/web-vitals-2.1.4.tgz. Extracting by manifest.
318 silly tarball no local data for @testing-library/dom@https://registry.npmjs.org/@testing-library/dom/-/dom-10.1.0.tgz. Extracting by manifest.
319 silly tarball no local data for @testing-library/user-event@https://registry.npmjs.org/@testing-library/user-event/-/user-event-13.5.0.tgz. Extracting by manifest.
320 silly tarball no local data for @testing-library/react@https://registry.npmjs.org/@testing-library/react/-/react-13.4.0.tgz. Extracting by manifest.
321 silly tarball no local data for @testing-library/jest-dom@https://registry.npmjs.org/@testing-library/jest-dom/-/jest-dom-5.17.0.tgz. Extracting by manifest.
322 silly tarball no local data for typescript@https://registry.npmjs.org/typescript/-/typescript-4.9.5.tgz. Extracting by manifest.
323 silly tarball no local data for jest-get-type@https://registry.npmjs.org/jest-get-type/-/jest-get-type-29.6.3.tgz. Extracting by manifest.
324 silly tarball no local data for @sinclair/typebox@https://registry.npmjs.org/@sinclair/typebox/-/typebox-0.27.8.tgz. Extracting by manifest.
325 silly tarball no local data for @jest/schemas@https://registry.npmjs.org/@jest/schemas/-/schemas-29.6.3.tgz. Extracting by manifest.
326 silly tarball no local data for @jest/types@https://registry.npmjs.org/@jest/types/-/types-29.6.3.tgz. Extracting by manifest.
327 silly tarball no local data for diff-sequences@https://registry.npmjs.org/diff-sequences/-/diff-sequences-29.6.3.tgz. Extracting by manifest.
328 silly tarball no local data for jest-diff@https://registry.npmjs.org/jest-diff/-/jest-diff-29.7.0.tgz. Extracting by manifest.
329 silly tarball no local data for jest-message-util@https://registry.npmjs.org/jest-message-util/-/jest-message-util-29.7.0.tgz. Extracting by manifest.
330 silly tarball no local data for jest-util@https://registry.npmjs.org/jest-util/-/jest-util-29.7.0.tgz. Extracting by manifest.
331 silly tarball no local data for jest-matcher-utils@https://registry.npmjs.org/jest-matcher-utils/-/jest-matcher-utils-29.7.0.tgz. Extracting by manifest.
332 silly tarball no local data for pretty-format@https://registry.npmjs.org/pretty-format/-/pretty-format-29.7.0.tgz. Extracting by manifest.
333 silly tarball no local data for jest-get-type@https://registry.npmjs.org/jest-get-type/-/jest-get-type-29.6.3.tgz. Extracting by manifest.
334 silly tarball no local data for expect@https://registry.npmjs.org/expect/-/expect-29.7.0.tgz. Extracting by manifest.
335 silly tarball no local data for aria-query@https://registry.npmjs.org/aria-query/-/aria-query-5.1.3.tgz. Extracting by manifest.
336 silly tarball no local data for @testing-library/dom@https://registry.npmjs.org/@testing-library/dom/-/dom-8.20.1.tgz. Extracting by manifest.
337 silly tarball no local data for chalk@https://registry.npmjs.org/chalk/-/chalk-3.0.0.tgz. Extracting by manifest.
338 timing reifyNode:node_modules/@types/jest/node_modules/color-name Completed in 358ms
339 timing reifyNode:node_modules/@testing-library/dom/node_modules/color-name Completed in 357ms
340 timing reifyNode:node_modules/@testing-library/react/node_modules/color-name Completed in 358ms
341 timing reifyNode:node_modules/@testing-library/jest-dom/node_modules/color-name Completed in 358ms
342 timing reifyNode:node_modules/@types/jest/node_modules/has-flag Completed in 363ms
343 timing reifyNode:node_modules/@types/jest/node_modules/supports-color Completed in 362ms
344 timing reifyNode:node_modules/@testing-library/dom/node_modules/has-flag Completed in 361ms
345 timing reifyNode:node_modules/@testing-library/dom/node_modules/supports-color Completed in 362ms
346 timing reifyNode:node_modules/@testing-library/react/node_modules/has-flag Completed in 362ms
347 timing reifyNode:node_modules/@testing-library/react/node_modules/supports-color Completed in 362ms
348 timing reifyNode:node_modules/@testing-library/jest-dom/node_modules/has-flag Completed in 362ms
349 timing reifyNode:node_modules/@testing-library/jest-dom/node_modules/supports-color Completed in 362ms
350 timing reifyNode:node_modules/@types/jest/node_modules/ansi-styles Completed in 377ms
351 timing reifyNode:node_modules/@types/jest/node_modules/pretty-format/node_modules/ansi-styles Completed in 378ms
352 timing reifyNode:node_modules/@testing-library/dom/node_modules/ansi-styles Completed in 377ms
353 timing reifyNode:node_modules/@testing-library/react/node_modules/ansi-styles Completed in 378ms
354 timing reifyNode:node_modules/@testing-library/jest-dom/node_modules/ansi-styles Completed in 378ms
355 timing reifyNode:node_modules/@types/jest/node_modules/color-convert Completed in 403ms
356 timing reifyNode:node_modules/@testing-library/react/node_modules/color-convert Completed in 402ms
357 timing reifyNode:node_modules/@testing-library/dom/node_modules/color-convert Completed in 402ms
358 timing reifyNode:node_modules/@testing-library/jest-dom/node_modules/color-convert Completed in 401ms
359 timing reifyNode:node_modules/@types/jest/node_modules/chalk Completed in 408ms
360 timing reifyNode:node_modules/@testing-library/dom/node_modules/chalk Completed in 407ms
361 timing reifyNode:node_modules/@testing-library/react/node_modules/chalk Completed in 406ms
362 timing reifyNode:node_modules/@types/jest/node_modules/react-is Completed in 411ms
363 timing reifyNode:node_modules/@types/jest/node_modules/@types/yargs Completed in 412ms
364 http fetch GET 200 https://registry.npmjs.org/stop-iteration-iterator/-/stop-iteration-iterator-1.0.0.tgz 372ms (cache miss)
365 timing reifyNode:node_modules/stop-iteration-iterator Completed in 424ms
366 http fetch GET 200 https://registry.npmjs.org/indent-string/-/indent-string-4.0.0.tgz 368ms (cache miss)
367 timing reifyNode:node_modules/indent-string Completed in 426ms
368 http fetch GET 200 https://registry.npmjs.org/min-indent/-/min-indent-1.0.1.tgz 373ms (cache miss)
369 timing reifyNode:node_modules/min-indent Completed in 429ms
370 http fetch GET 200 https://registry.npmjs.org/strip-indent/-/strip-indent-3.0.0.tgz 375ms (cache miss)
371 timing reifyNode:node_modules/strip-indent Completed in 430ms
372 http fetch GET 200 https://registry.npmjs.org/css.escape/-/css.escape-1.5.1.tgz 364ms (cache miss)
373 timing reifyNode:node_modules/css.escape Completed in 435ms
374 http fetch GET 200 https://registry.npmjs.org/@jest/expect-utils/-/expect-utils-29.7.0.tgz 388ms (cache miss)
375 timing reifyNode:node_modules/@jest/expect-utils Completed in 437ms
376 http fetch GET 200 https://registry.npmjs.org/@types/testing-library__jest-dom/-/testing-library__jest-dom-5.14.9.tgz 364ms (cache miss)
377 timing reifyNode:node_modules/@types/testing-library__jest-dom Completed in 435ms
378 http fetch GET 200 https://registry.npmjs.org/object-is/-/object-is-1.1.6.tgz 387ms (cache miss)
379 timing reifyNode:node_modules/object-is Completed in 442ms
380 http fetch GET 200 https://registry.npmjs.org/is-arguments/-/is-arguments-1.1.1.tgz 417ms (cache miss)
381 timing reifyNode:node_modules/is-arguments Completed in 469ms
382 http fetch GET 200 https://registry.npmjs.org/@types/aria-query/-/aria-query-5.0.4.tgz 393ms (cache miss)
383 timing reifyNode:node_modules/@types/aria-query Completed in 469ms
384 http fetch GET 200 https://registry.npmjs.org/es-get-iterator/-/es-get-iterator-1.1.3.tgz 467ms (cache miss)
385 timing reifyNode:node_modules/es-get-iterator Completed in 520ms
386 http fetch GET 200 https://registry.npmjs.org/redent/-/redent-3.0.0.tgz 457ms (cache miss)
387 timing reifyNode:node_modules/redent Completed in 528ms
388 http fetch GET 200 https://registry.npmjs.org/@types/prop-types/-/prop-types-15.7.12.tgz 467ms (cache miss)
389 timing reifyNode:node_modules/@types/prop-types Completed in 533ms
390 http fetch GET 200 https://registry.npmjs.org/@types/react-dom/-/react-dom-18.3.0.tgz 469ms (cache miss)
391 http fetch GET 200 https://registry.npmjs.org/deep-equal/-/deep-equal-2.2.3.tgz 490ms (cache miss)
392 timing reifyNode:node_modules/deep-equal Completed in 545ms
393 timing reifyNode:node_modules/@types/react-dom Completed in 544ms
394 http fetch GET 200 https://registry.npmjs.org/lz-string/-/lz-string-1.5.0.tgz 538ms (cache miss)
395 timing reifyNode:node_modules/lz-string Completed in 631ms
396 http fetch GET 200 https://registry.npmjs.org/jest-get-type/-/jest-get-type-29.6.3.tgz 553ms (cache miss)
397 timing reifyNode:node_modules/@jest/expect-utils/node_modules/jest-get-type Completed in 650ms
398 http fetch GET 200 https://registry.npmjs.org/@types/jest/-/jest-29.5.12.tgz 607ms (cache miss)
399 timing reifyNode:node_modules/@types/jest Completed in 666ms
400 http fetch GET 200 https://registry.npmjs.org/@testing-library/jest-dom/-/jest-dom-5.17.0.tgz 584ms (cache miss)
401 http fetch GET 200 https://registry.npmjs.org/@jest/schemas/-/schemas-29.6.3.tgz 571ms (cache miss)
402 timing reifyNode:node_modules/@types/jest/node_modules/@jest/schemas Completed in 671ms
403 timing reifyNode:node_modules/@testing-library/jest-dom Completed in 668ms
404 http fetch GET 200 https://registry.npmjs.org/jest-message-util/-/jest-message-util-29.7.0.tgz 569ms (cache miss)
405 timing reifyNode:node_modules/@types/jest/node_modules/jest-message-util Completed in 672ms
406 http fetch GET 200 https://registry.npmjs.org/diff-sequences/-/diff-sequences-29.6.3.tgz 585ms (cache miss)
407 timing reifyNode:node_modules/@types/jest/node_modules/diff-sequences Completed in 685ms
408 http fetch GET 200 https://registry.npmjs.org/@jest/types/-/types-29.6.3.tgz 606ms (cache miss)
409 timing reifyNode:node_modules/@types/jest/node_modules/@jest/types Completed in 706ms
410 http fetch GET 200 https://registry.npmjs.org/web-vitals/-/web-vitals-2.1.4.tgz 637ms (cache miss)
411 timing reifyNode:node_modules/web-vitals Completed in 721ms
412 http fetch GET 200 https://registry.npmjs.org/dom-accessibility-api/-/dom-accessibility-api-0.5.16.tgz 647ms (cache miss)
413 http fetch GET 200 https://registry.npmjs.org/jest-diff/-/jest-diff-29.7.0.tgz 622ms (cache miss)
414 timing reifyNode:node_modules/@types/jest/node_modules/jest-diff Completed in 723ms
415 http fetch GET 200 https://registry.npmjs.org/@types/react/-/react-18.3.3.tgz 656ms (cache miss)
416 timing reifyNode:node_modules/@types/react Completed in 724ms
417 timing reifyNode:node_modules/dom-accessibility-api Completed in 724ms
418 http fetch GET 200 https://registry.npmjs.org/csstype/-/csstype-3.1.3.tgz 693ms (cache miss)
419 timing reifyNode:node_modules/csstype Completed in 752ms
420 http fetch GET 200 https://registry.npmjs.org/@sinclair/typebox/-/typebox-0.27.8.tgz 689ms (cache miss)
421 timing reifyNode:node_modules/@types/jest/node_modules/@sinclair/typebox Completed in 795ms
422 http fetch GET 200 https://registry.npmjs.org/jest-util/-/jest-util-29.7.0.tgz 747ms (cache miss)
423 http fetch GET 200 https://registry.npmjs.org/jest-matcher-utils/-/jest-matcher-utils-29.7.0.tgz 751ms (cache miss)
424 timing reifyNode:node_modules/@types/jest/node_modules/jest-matcher-utils Completed in 857ms
425 http fetch GET 200 https://registry.npmjs.org/jest-get-type/-/jest-get-type-29.6.3.tgz 770ms (cache miss)
426 timing reifyNode:node_modules/@types/jest/node_modules/jest-get-type Completed in 878ms
427 http fetch GET 200 https://registry.npmjs.org/@testing-library/user-event/-/user-event-13.5.0.tgz 802ms (cache miss)
428 timing reifyNode:node_modules/@testing-library/user-event Completed in 886ms
429 http fetch GET 200 https://registry.npmjs.org/pretty-format/-/pretty-format-29.7.0.tgz 784ms (cache miss)
430 timing reifyNode:node_modules/@types/jest/node_modules/jest-util Completed in 892ms
431 http fetch GET 200 https://registry.npmjs.org/chalk/-/chalk-3.0.0.tgz 777ms (cache miss)
432 timing reifyNode:node_modules/@testing-library/jest-dom/node_modules/chalk Completed in 891ms
433 timing reifyNode:node_modules/@types/jest/node_modules/pretty-format Completed in 894ms
434 http fetch GET 200 https://registry.npmjs.org/expect/-/expect-29.7.0.tgz 793ms (cache miss)
435 timing reifyNode:node_modules/@types/jest/node_modules/expect Completed in 903ms
436 http fetch GET 200 https://registry.npmjs.org/aria-query/-/aria-query-5.1.3.tgz 875ms (cache miss)
437 timing reifyNode:node_modules/@testing-library/react/node_modules/aria-query Completed in 986ms
438 http fetch GET 200 https://registry.npmjs.org/@adobe/css-tools/-/css-tools-4.4.0.tgz 978ms (cache miss)
439 timing reifyNode:node_modules/@adobe/css-tools Completed in 1061ms
440 http fetch GET 200 https://registry.npmjs.org/@testing-library/dom/-/dom-10.1.0.tgz 1088ms (cache miss)
441 timing reifyNode:node_modules/@testing-library/dom Completed in 1168ms
442 http fetch GET 200 https://registry.npmjs.org/@testing-library/dom/-/dom-8.20.1.tgz 1315ms (cache miss)
443 timing reifyNode:node_modules/@testing-library/react/node_modules/@testing-library/dom Completed in 1427ms
444 http fetch GET 200 https://registry.npmjs.org/@testing-library/react/-/react-13.4.0.tgz 1600ms (cache miss)
445 timing reifyNode:node_modules/@testing-library/react Completed in 1681ms
446 http fetch GET 200 https://registry.npmjs.org/typescript/-/typescript-4.9.5.tgz 4108ms (cache miss)
447 timing reifyNode:node_modules/typescript Completed in 4199ms
448 timing reify:unpack Completed in 4203ms
449 timing reify:unretire Completed in 0ms
450 timing build:queue Completed in 3ms
451 timing build:link:node_modules/lz-string Completed in 2ms
452 timing build:link:node_modules/typescript Completed in 2ms
453 timing build:link Completed in 2ms
454 timing build:deps Completed in 6ms
455 timing build Completed in 6ms
456 timing reify:build Completed in 8ms
457 timing reify:trash Completed in 21ms
458 timing reify:save Completed in 404ms
459 timing reify Completed in 16134ms
460 silly ADD node_modules/@jest/expect-utils
461 silly ADD node_modules/@jest/expect-utils/node_modules/jest-get-type
462 silly ADD node_modules/stop-iteration-iterator
463 silly ADD node_modules/object-is
464 silly ADD node_modules/is-arguments
465 silly ADD node_modules/es-get-iterator
466 silly ADD node_modules/deep-equal
467 silly ADD node_modules/min-indent
468 silly ADD node_modules/strip-indent
469 silly ADD node_modules/indent-string
470 silly ADD node_modules/@types/jest
471 silly ADD node_modules/@types/jest/node_modules/has-flag
472 silly ADD node_modules/@types/jest/node_modules/react-is
473 silly ADD node_modules/@types/jest/node_modules/@sinclair/typebox
474 silly ADD node_modules/@types/jest/node_modules/@types/yargs
475 silly ADD node_modules/@types/jest/node_modules/@jest/schemas
476 silly ADD node_modules/@types/jest/node_modules/@jest/types
477 silly ADD node_modules/@types/jest/node_modules/diff-sequences
478 silly ADD node_modules/@types/jest/node_modules/color-name
479 silly ADD node_modules/@types/jest/node_modules/color-convert
480 silly ADD node_modules/@types/jest/node_modules/supports-color
481 silly ADD node_modules/@types/jest/node_modules/ansi-styles
482 silly ADD node_modules/@types/jest/node_modules/jest-diff
483 silly ADD node_modules/@types/jest/node_modules/chalk
484 silly ADD node_modules/@types/jest/node_modules/jest-util
485 silly ADD node_modules/@types/jest/node_modules/jest-message-util
486 silly ADD node_modules/@types/jest/node_modules/jest-matcher-utils
487 silly ADD node_modules/@types/jest/node_modules/jest-get-type
488 silly ADD node_modules/@types/jest/node_modules/pretty-format
489 silly ADD node_modules/@types/jest/node_modules/pretty-format/node_modules/ansi-styles
490 silly ADD node_modules/@types/jest/node_modules/expect
491 silly ADD node_modules/csstype
492 silly ADD node_modules/@types/prop-types
493 silly ADD node_modules/@types/react
494 silly ADD node_modules/@types/react-dom
495 silly ADD node_modules/redent
496 silly ADD node_modules/css.escape
497 silly ADD node_modules/@types/testing-library__jest-dom
498 silly ADD node_modules/@adobe/css-tools
499 silly ADD node_modules/lz-string
500 silly ADD node_modules/dom-accessibility-api
501 silly ADD node_modules/@types/aria-query
502 silly ADD node_modules/web-vitals
503 silly ADD node_modules/@testing-library/dom
504 silly ADD node_modules/@testing-library/dom/node_modules/has-flag
505 silly ADD node_modules/@testing-library/dom/node_modules/color-name
506 silly ADD node_modules/@testing-library/dom/node_modules/color-convert
507 silly ADD node_modules/@testing-library/dom/node_modules/supports-color
508 silly ADD node_modules/@testing-library/dom/node_modules/ansi-styles
509 silly ADD node_modules/@testing-library/dom/node_modules/chalk
510 silly ADD node_modules/@testing-library/user-event
511 silly ADD node_modules/@testing-library/react
512 silly ADD node_modules/@testing-library/react/node_modules/has-flag
513 silly ADD node_modules/@testing-library/react/node_modules/color-name
514 silly ADD node_modules/@testing-library/react/node_modules/color-convert
515 silly ADD node_modules/@testing-library/react/node_modules/supports-color
516 silly ADD node_modules/@testing-library/react/node_modules/ansi-styles
517 silly ADD node_modules/@testing-library/react/node_modules/chalk
518 silly ADD node_modules/@testing-library/react/node_modules/aria-query
519 silly ADD node_modules/@testing-library/react/node_modules/@testing-library/dom
520 silly ADD node_modules/@testing-library/jest-dom
521 silly ADD node_modules/@testing-library/jest-dom/node_modules/has-flag
522 silly ADD node_modules/@testing-library/jest-dom/node_modules/color-name
523 silly ADD node_modules/@testing-library/jest-dom/node_modules/color-convert
524 silly ADD node_modules/@testing-library/jest-dom/node_modules/supports-color
525 silly ADD node_modules/@testing-library/jest-dom/node_modules/ansi-styles
526 silly ADD node_modules/@testing-library/jest-dom/node_modules/chalk
527 silly ADD
528 silly CHANGE node_modules/typescript
529 timing command:install Completed in 16150ms
530 verbose exit 0
531 timing npm Completed in 16250ms
532 info ok
