0 verbose cli /usr/bin/node /usr/lib/node_modules/npm/bin/npm-cli.js
1 info using npm@8.19.4
2 info using node@v16.20.2
3 timing npm:load:whichnode Completed in 0ms
4 timing config:load:defaults Completed in 2ms
5 timing config:load:file:/usr/lib/node_modules/npm/npmrc Completed in 1ms
6 timing config:load:builtin Completed in 1ms
7 timing config:load:cli Completed in 2ms
8 timing config:load:env Completed in 0ms
9 timing config:load:project Completed in 10ms
10 timing config:load:file:/home/vagrant/.npmrc Completed in 0ms
11 timing config:load:user Completed in 0ms
12 timing config:load:file:/usr/etc/npmrc Completed in 0ms
13 timing config:load:global Completed in 0ms
14 timing config:load:validate Completed in 1ms
15 timing config:load:credentials Completed in 0ms
16 timing config:load:setEnvs Completed in 1ms
17 timing config:load Completed in 17ms
18 timing npm:load:configload Completed in 17ms
19 timing npm:load:mkdirpcache Completed in 1ms
20 timing npm:load:mkdirplogs Completed in 1ms
21 verbose title npm exec create-react-app devops
22 verbose argv "exec" "--" "create-react-app" "devops"
23 timing npm:load:setTitle Completed in 1ms
24 timing config:load:flatten Completed in 3ms
25 timing npm:load:display Completed in 4ms
26 verbose logfile logs-max:10 dir:/home/vagrant/.npm/_logs
27 verbose logfile /home/vagrant/.npm/_logs/2024-06-11T08_19_24_351Z-debug-0.log
28 timing npm:load:logFile Completed in 5ms
29 timing npm:load:timers Completed in 0ms
30 timing npm:load:configScope Completed in 0ms
31 timing npm:load Completed in 29ms
32 silly logfile done cleaning log files
33 timing arborist:ctor Completed in 0ms
34 http fetch GET 200 https://registry.npmjs.org/create-react-app 362ms (cache revalidated)
35 timing arborist:ctor Completed in 1ms
36 timing arborist:ctor Completed in 0ms
37 timing arborist:ctor Completed in 0ms
38 timing idealTree:init Completed in 4ms
39 timing idealTree:userRequests Completed in 1ms
40 silly idealTree buildDeps
41 silly fetch manifest create-react-app@5.0.1
42 http fetch GET 200 https://registry.npmjs.org/create-react-app 6ms (cache hit)
43 silly placeDep ROOT create-react-app@5.0.1 OK for:  want: 5.0.1
44 silly fetch manifest chalk@^4.1.2
45 silly fetch manifest commander@^4.1.1
46 silly fetch manifest cross-spawn@^7.0.3
47 silly fetch manifest envinfo@^7.8.1
48 silly fetch manifest fs-extra@^10.0.0
49 silly fetch manifest hyperquest@^2.1.3
50 silly fetch manifest prompts@^2.4.2
51 silly fetch manifest semver@^7.3.5
52 silly fetch manifest tar-pack@^3.4.1
53 silly fetch manifest tmp@^0.2.1
54 silly fetch manifest validate-npm-package-name@^3.0.0
55 http fetch GET 200 https://registry.npmjs.org/chalk 156ms (cache miss)
56 http fetch GET 200 https://registry.npmjs.org/fs-extra 322ms (cache miss)
57 http fetch GET 200 https://registry.npmjs.org/commander 335ms (cache miss)
58 http fetch GET 200 https://registry.npmjs.org/tar-pack 370ms (cache miss)
59 http fetch GET 200 https://registry.npmjs.org/hyperquest 411ms (cache miss)
60 http fetch GET 200 https://registry.npmjs.org/validate-npm-package-name 431ms (cache miss)
61 http fetch GET 200 https://registry.npmjs.org/tmp 433ms (cache miss)
62 http fetch GET 200 https://registry.npmjs.org/cross-spawn 439ms (cache miss)
63 http fetch GET 200 https://registry.npmjs.org/envinfo 440ms (cache miss)
64 http fetch GET 200 https://registry.npmjs.org/semver 439ms (cache miss)
65 http fetch GET 200 https://registry.npmjs.org/prompts 441ms (cache miss)
66 timing idealTree:#root Completed in 458ms
67 silly placeDep ROOT chalk@4.1.2 OK for: create-react-app@5.0.1 want: ^4.1.2
68 silly placeDep ROOT commander@4.1.1 OK for: create-react-app@5.0.1 want: ^4.1.1
69 silly placeDep ROOT cross-spawn@7.0.3 OK for: create-react-app@5.0.1 want: ^7.0.3
70 silly placeDep ROOT envinfo@7.13.0 OK for: create-react-app@5.0.1 want: ^7.8.1
71 silly placeDep ROOT fs-extra@10.1.0 OK for: create-react-app@5.0.1 want: ^10.0.0
72 silly placeDep ROOT hyperquest@2.1.3 OK for: create-react-app@5.0.1 want: ^2.1.3
73 silly placeDep ROOT prompts@2.4.2 OK for: create-react-app@5.0.1 want: ^2.4.2
74 silly placeDep ROOT semver@7.6.2 OK for: create-react-app@5.0.1 want: ^7.3.5
75 silly placeDep ROOT tar-pack@3.4.1 OK for: create-react-app@5.0.1 want: ^3.4.1
76 silly placeDep ROOT tmp@0.2.3 OK for: create-react-app@5.0.1 want: ^0.2.1
77 silly placeDep ROOT validate-npm-package-name@3.0.0 OK for: create-react-app@5.0.1 want: ^3.0.0
78 silly fetch manifest ansi-styles@^4.1.0
79 silly fetch manifest supports-color@^7.1.0
80 silly fetch manifest path-key@^3.1.0
81 silly fetch manifest shebang-command@^2.0.0
82 silly fetch manifest which@^2.0.1
83 silly fetch manifest graceful-fs@^4.2.0
84 silly fetch manifest jsonfile@^6.0.1
85 silly fetch manifest universalify@^2.0.0
86 silly fetch manifest buffer-from@^0.1.1
87 silly fetch manifest duplexer2@~0.0.2
88 silly fetch manifest through2@~0.6.3
89 silly fetch manifest kleur@^3.0.3
90 silly fetch manifest sisteransi@^1.0.5
91 silly fetch manifest debug@^2.2.0
92 silly fetch manifest fstream@^1.0.10
93 silly fetch manifest fstream-ignore@^1.0.5
94 silly fetch manifest once@^1.3.3
95 silly fetch manifest readable-stream@^2.1.4
96 silly fetch manifest rimraf@^2.5.1
97 silly fetch manifest tar@^2.2.1
98 silly fetch manifest uid-number@^0.0.6
99 silly fetch manifest builtins@^1.0.3
100 http fetch GET 200 https://registry.npmjs.org/graceful-fs 207ms (cache miss)
101 http fetch GET 200 https://registry.npmjs.org/buffer-from 208ms (cache miss)
102 http fetch GET 200 https://registry.npmjs.org/shebang-command 210ms (cache miss)
103 http fetch GET 200 https://registry.npmjs.org/path-key 211ms (cache miss)
104 http fetch GET 200 https://registry.npmjs.org/which 211ms (cache miss)
105 http fetch GET 200 https://registry.npmjs.org/jsonfile 213ms (cache miss)
106 http fetch GET 200 https://registry.npmjs.org/ansi-styles 216ms (cache miss)
107 http fetch GET 200 https://registry.npmjs.org/through2 213ms (cache miss)
108 http fetch GET 200 https://registry.npmjs.org/supports-color 219ms (cache miss)
109 http fetch GET 200 https://registry.npmjs.org/readable-stream 307ms (cache miss)
110 http fetch GET 200 https://registry.npmjs.org/once 317ms (cache miss)
111 http fetch GET 200 https://registry.npmjs.org/uid-number 315ms (cache miss)
112 http fetch GET 200 https://registry.npmjs.org/rimraf 319ms (cache miss)
113 http fetch GET 200 https://registry.npmjs.org/sisteransi 336ms (cache miss)
114 http fetch GET 200 https://registry.npmjs.org/builtins 370ms (cache miss)
115 http fetch GET 200 https://registry.npmjs.org/fstream 375ms (cache miss)
116 http fetch GET 200 https://registry.npmjs.org/kleur 380ms (cache miss)
117 http fetch GET 200 https://registry.npmjs.org/debug 380ms (cache miss)
118 http fetch GET 200 https://registry.npmjs.org/tar 379ms (cache miss)
119 http fetch GET 200 https://registry.npmjs.org/universalify 686ms (cache miss)
120 http fetch GET 200 https://registry.npmjs.org/duplexer2 743ms (cache miss)
121 http fetch GET 200 https://registry.npmjs.org/fstream-ignore 792ms (cache miss)
122 timing idealTree:node_modules/create-react-app Completed in 822ms
123 silly placeDep ROOT ansi-styles@4.3.0 OK for: chalk@4.1.2 want: ^4.1.0
124 silly placeDep ROOT supports-color@7.2.0 OK for: chalk@4.1.2 want: ^7.1.0
125 silly fetch manifest color-convert@^2.0.1
126 silly fetch manifest has-flag@^4.0.0
127 http fetch GET 200 https://registry.npmjs.org/has-flag 131ms (cache miss)
128 http fetch GET 200 https://registry.npmjs.org/color-convert 133ms (cache miss)
129 timing idealTree:node_modules/chalk Completed in 140ms
130 silly placeDep ROOT color-convert@2.0.1 OK for: ansi-styles@4.3.0 want: ^2.0.1
131 silly fetch manifest color-name@~1.1.4
132 http fetch GET 200 https://registry.npmjs.org/color-name 105ms (cache miss)
133 timing idealTree:node_modules/ansi-styles Completed in 109ms
134 silly placeDep ROOT color-name@1.1.4 OK for: color-convert@2.0.1 want: ~1.1.4
135 timing idealTree:node_modules/color-convert Completed in 2ms
136 timing idealTree:node_modules/color-name Completed in 0ms
137 timing idealTree:node_modules/commander Completed in 0ms
138 silly placeDep ROOT path-key@3.1.1 OK for: cross-spawn@7.0.3 want: ^3.1.0
139 silly placeDep ROOT shebang-command@2.0.0 OK for: cross-spawn@7.0.3 want: ^2.0.0
140 silly placeDep ROOT which@2.0.2 OK for: cross-spawn@7.0.3 want: ^2.0.1
141 silly fetch manifest shebang-regex@^3.0.0
142 silly fetch manifest isexe@^2.0.0
143 http fetch GET 200 https://registry.npmjs.org/shebang-regex 98ms (cache miss)
144 http fetch GET 200 https://registry.npmjs.org/isexe 97ms (cache miss)
145 timing idealTree:node_modules/cross-spawn Completed in 106ms
146 timing idealTree:node_modules/envinfo Completed in 0ms
147 silly placeDep ROOT graceful-fs@4.2.11 OK for: fs-extra@10.1.0 want: ^4.2.0
148 silly placeDep ROOT jsonfile@6.1.0 OK for: fs-extra@10.1.0 want: ^6.0.1
149 silly placeDep ROOT universalify@2.0.1 OK for: fs-extra@10.1.0 want: ^2.0.0
150 timing idealTree:node_modules/fs-extra Completed in 4ms
151 timing idealTree:node_modules/graceful-fs Completed in 0ms
152 silly placeDep ROOT buffer-from@0.1.2 OK for: hyperquest@2.1.3 want: ^0.1.1
153 silly placeDep ROOT duplexer2@0.0.2 OK for: hyperquest@2.1.3 want: ~0.0.2
154 silly placeDep ROOT through2@0.6.5 OK for: hyperquest@2.1.3 want: ~0.6.3
155 silly fetch manifest readable-stream@~1.1.9
156 silly fetch manifest readable-stream@>=1.0.33-1 <1.1.0-0
157 silly fetch manifest xtend@>=4.0.0 <4.1.0-0
158 http fetch GET 200 https://registry.npmjs.org/xtend 113ms (cache miss)
159 timing idealTree:node_modules/hyperquest Completed in 119ms
160 timing idealTree:node_modules/buffer-from Completed in 0ms
161 silly placeDep ROOT readable-stream@1.1.14 OK for: duplexer2@0.0.2 want: ~1.1.9
162 silly fetch manifest core-util-is@~1.0.0
163 silly fetch manifest isarray@0.0.1
164 silly fetch manifest string_decoder@~0.10.x
165 silly fetch manifest inherits@~2.0.1
166 http fetch GET 200 https://registry.npmjs.org/core-util-is 100ms (cache miss)
167 http fetch GET 200 https://registry.npmjs.org/isarray 100ms (cache miss)
168 http fetch GET 200 https://registry.npmjs.org/string_decoder 99ms (cache miss)
169 http fetch GET 200 https://registry.npmjs.org/inherits 100ms (cache miss)
170 timing idealTree:node_modules/duplexer2 Completed in 109ms
171 timing idealTree:node_modules/jsonfile Completed in 0ms
172 timing idealTree:node_modules/path-key Completed in 0ms
173 silly placeDep ROOT kleur@3.0.3 OK for: prompts@2.4.2 want: ^3.0.3
174 silly placeDep ROOT sisteransi@1.0.5 OK for: prompts@2.4.2 want: ^1.0.5
175 timing idealTree:node_modules/prompts Completed in 1ms
176 timing idealTree:node_modules/kleur Completed in 0ms
177 silly placeDep ROOT core-util-is@1.0.3 OK for: readable-stream@1.1.14 want: ~1.0.0
178 silly placeDep ROOT inherits@2.0.4 OK for: readable-stream@1.1.14 want: ~2.0.1
179 silly placeDep ROOT isarray@0.0.1 OK for: readable-stream@1.1.14 want: 0.0.1
180 silly placeDep ROOT string_decoder@0.10.31 OK for: readable-stream@1.1.14 want: ~0.10.x
181 timing idealTree:node_modules/readable-stream Completed in 5ms
182 timing idealTree:node_modules/core-util-is Completed in 0ms
183 timing idealTree:node_modules/inherits Completed in 0ms
184 timing idealTree:node_modules/isarray Completed in 0ms
185 timing idealTree:node_modules/semver Completed in 0ms
186 silly placeDep ROOT shebang-regex@3.0.0 OK for: shebang-command@2.0.0 want: ^3.0.0
187 timing idealTree:node_modules/shebang-command Completed in 1ms
188 timing idealTree:node_modules/shebang-regex Completed in 0ms
189 timing idealTree:node_modules/sisteransi Completed in 0ms
190 timing idealTree:node_modules/string_decoder Completed in 0ms
191 silly placeDep ROOT has-flag@4.0.0 OK for: supports-color@7.2.0 want: ^4.0.0
192 timing idealTree:node_modules/supports-color Completed in 1ms
193 timing idealTree:node_modules/has-flag Completed in 0ms
194 silly placeDep ROOT debug@2.6.9 OK for: tar-pack@3.4.1 want: ^2.2.0
195 silly placeDep ROOT fstream@1.0.12 OK for: tar-pack@3.4.1 want: ^1.0.10
196 silly placeDep ROOT fstream-ignore@1.0.5 OK for: tar-pack@3.4.1 want: ^1.0.5
197 silly placeDep ROOT once@1.4.0 OK for: tar-pack@3.4.1 want: ^1.3.3
198 silly placeDep node_modules/tar-pack readable-stream@2.3.8 OK for: tar-pack@3.4.1 want: ^2.1.4
199 silly placeDep ROOT rimraf@2.7.1 OK for: tar-pack@3.4.1 want: ^2.5.1
200 silly placeDep ROOT tar@2.2.2 OK for: tar-pack@3.4.1 want: ^2.2.1
201 silly placeDep ROOT uid-number@0.0.6 OK for: tar-pack@3.4.1 want: ^0.0.6
202 silly fetch manifest ms@2.0.0
203 silly fetch manifest mkdirp@>=0.5 0
204 silly fetch manifest minimatch@^3.0.0
205 silly fetch manifest wrappy@1
206 silly fetch manifest isarray@~1.0.0
207 silly fetch manifest process-nextick-args@~2.0.0
208 silly fetch manifest safe-buffer@~5.1.1
209 silly fetch manifest string_decoder@~1.1.1
210 silly fetch manifest util-deprecate@~1.0.1
211 silly fetch manifest glob@^7.1.3
212 silly fetch manifest block-stream@*
213 http fetch GET 200 https://registry.npmjs.org/wrappy 171ms (cache miss)
214 http fetch GET 200 https://registry.npmjs.org/util-deprecate 170ms (cache miss)
215 http fetch GET 200 https://registry.npmjs.org/process-nextick-args 172ms (cache miss)
216 http fetch GET 200 https://registry.npmjs.org/block-stream 171ms (cache miss)
217 http fetch GET 200 https://registry.npmjs.org/safe-buffer 174ms (cache miss)
218 http fetch GET 200 https://registry.npmjs.org/ms 178ms (cache miss)
219 http fetch GET 200 https://registry.npmjs.org/mkdirp 178ms (cache miss)
220 http fetch GET 200 https://registry.npmjs.org/minimatch 181ms (cache miss)
221 http fetch GET 200 https://registry.npmjs.org/glob 184ms (cache miss)
222 timing idealTree:node_modules/tar-pack Completed in 201ms
223 silly placeDep ROOT ms@2.0.0 OK for: debug@2.6.9 want: 2.0.0
224 timing idealTree:node_modules/debug Completed in 3ms
225 silly placeDep ROOT mkdirp@0.5.6 OK for: fstream@1.0.12 want: >=0.5 0
226 silly fetch manifest minimist@^1.2.6
227 http fetch GET 200 https://registry.npmjs.org/minimist 88ms (cache miss)
228 timing idealTree:node_modules/fstream Completed in 91ms
229 silly placeDep ROOT minimatch@3.1.2 OK for: fstream-ignore@1.0.5 want: ^3.0.0
230 silly fetch manifest brace-expansion@^1.1.7
231 http fetch GET 200 https://registry.npmjs.org/brace-expansion 105ms (cache miss)
232 timing idealTree:node_modules/fstream-ignore Completed in 108ms
233 silly placeDep ROOT brace-expansion@1.1.11 OK for: minimatch@3.1.2 want: ^1.1.7
234 silly fetch manifest balanced-match@^1.0.0
235 silly fetch manifest concat-map@0.0.1
236 http fetch GET 200 https://registry.npmjs.org/concat-map 85ms (cache miss)
237 http fetch GET 200 https://registry.npmjs.org/balanced-match 92ms (cache miss)
238 timing idealTree:node_modules/minimatch Completed in 95ms
239 silly placeDep ROOT balanced-match@1.0.2 OK for: brace-expansion@1.1.11 want: ^1.0.0
240 silly placeDep ROOT concat-map@0.0.1 OK for: brace-expansion@1.1.11 want: 0.0.1
241 timing idealTree:node_modules/brace-expansion Completed in 3ms
242 timing idealTree:node_modules/balanced-match Completed in 0ms
243 timing idealTree:node_modules/concat-map Completed in 0ms
244 silly placeDep ROOT minimist@1.2.8 OK for: mkdirp@0.5.6 want: ^1.2.6
245 timing idealTree:node_modules/mkdirp Completed in 2ms
246 timing idealTree:node_modules/minimist Completed in 0ms
247 timing idealTree:node_modules/ms Completed in 1ms
248 silly placeDep ROOT wrappy@1.0.2 OK for: once@1.4.0 want: 1
249 timing idealTree:node_modules/once Completed in 1ms
250 silly placeDep ROOT glob@7.2.3 OK for: rimraf@2.7.1 want: ^7.1.3
251 silly fetch manifest fs.realpath@^1.0.0
252 silly fetch manifest inflight@^1.0.4
253 silly fetch manifest path-is-absolute@^1.0.0
254 http fetch GET 200 https://registry.npmjs.org/fs.realpath 99ms (cache miss)
255 http fetch GET 200 https://registry.npmjs.org/path-is-absolute 98ms (cache miss)
256 http fetch GET 200 https://registry.npmjs.org/inflight 100ms (cache miss)
257 timing idealTree:node_modules/rimraf Completed in 103ms
258 silly placeDep ROOT fs.realpath@1.0.0 OK for: glob@7.2.3 want: ^1.0.0
259 silly placeDep ROOT inflight@1.0.6 OK for: glob@7.2.3 want: ^1.0.4
260 silly placeDep ROOT path-is-absolute@1.0.1 OK for: glob@7.2.3 want: ^1.0.0
261 timing idealTree:node_modules/glob Completed in 6ms
262 timing idealTree:node_modules/fs.realpath Completed in 0ms
263 timing idealTree:node_modules/inflight Completed in 0ms
264 timing idealTree:node_modules/path-is-absolute Completed in 0ms
265 silly placeDep ROOT block-stream@0.0.9 OK for: tar@2.2.2 want: *
266 timing idealTree:node_modules/tar Completed in 1ms
267 timing idealTree:node_modules/block-stream Completed in 0ms
268 silly placeDep node_modules/through2 readable-stream@1.0.34 OK for: through2@0.6.5 want: >=1.0.33-1 <1.1.0-0
269 silly placeDep ROOT xtend@4.0.2 OK for: through2@0.6.5 want: >=4.0.0 <4.1.0-0
270 timing idealTree:node_modules/through2 Completed in 3ms
271 timing idealTree:node_modules/tmp Completed in 0ms
272 timing idealTree:node_modules/uid-number Completed in 0ms
273 timing idealTree:node_modules/universalify Completed in 0ms
274 silly placeDep ROOT builtins@1.0.3 OK for: validate-npm-package-name@3.0.0 want: ^1.0.3
275 timing idealTree:node_modules/validate-npm-package-name Completed in 1ms
276 timing idealTree:node_modules/builtins Completed in 0ms
277 silly placeDep ROOT isexe@2.0.0 OK for: which@2.0.2 want: ^2.0.0
278 timing idealTree:node_modules/which Completed in 1ms
279 timing idealTree:node_modules/isexe Completed in 0ms
280 timing idealTree:node_modules/wrappy Completed in 0ms
281 timing idealTree:node_modules/xtend Completed in 0ms
282 silly placeDep node_modules/tar-pack isarray@1.0.0 OK for: readable-stream@2.3.8 want: ~1.0.0
283 silly placeDep ROOT process-nextick-args@2.0.1 OK for: readable-stream@2.3.8 want: ~2.0.0
284 silly placeDep ROOT safe-buffer@5.1.2 OK for: readable-stream@2.3.8 want: ~5.1.1
285 silly placeDep node_modules/tar-pack string_decoder@1.1.1 OK for: readable-stream@2.3.8 want: ~1.1.1
286 silly placeDep ROOT util-deprecate@1.0.2 OK for: readable-stream@2.3.8 want: ~1.0.1
287 timing idealTree:node_modules/tar-pack/node_modules/readable-stream Completed in 14ms
288 timing idealTree:node_modules/process-nextick-args Completed in 0ms
289 timing idealTree:node_modules/safe-buffer Completed in 0ms
290 timing idealTree:node_modules/util-deprecate Completed in 0ms
291 timing idealTree:node_modules/tar-pack/node_modules/isarray Completed in 0ms
292 timing idealTree:node_modules/tar-pack/node_modules/string_decoder Completed in 0ms
293 timing idealTree:node_modules/through2/node_modules/readable-stream Completed in 0ms
294 timing idealTree:buildDeps Completed in 2515ms
295 timing idealTree:fixDepFlags Completed in 1ms
296 timing idealTree Completed in 2524ms
297 timing reify:loadTrees Completed in 2524ms
298 timing reify:diffTrees Completed in 3ms
299 silly reify moves {}
300 timing reify:retireShallow Completed in 1ms
301 timing reify:createSparse Completed in 12ms
302 timing reify:loadBundles Completed in 0ms
303 silly audit bulk request {
303 silly audit   'create-react-app': [ '5.0.1' ],
303 silly audit   chalk: [ '4.1.2' ],
303 silly audit   commander: [ '4.1.1' ],
303 silly audit   'cross-spawn': [ '7.0.3' ],
303 silly audit   envinfo: [ '7.13.0' ],
303 silly audit   'fs-extra': [ '10.1.0' ],
303 silly audit   hyperquest: [ '2.1.3' ],
303 silly audit   prompts: [ '2.4.2' ],
303 silly audit   semver: [ '7.6.2' ],
303 silly audit   'tar-pack': [ '3.4.1' ],
303 silly audit   tmp: [ '0.2.3' ],
303 silly audit   'validate-npm-package-name': [ '3.0.0' ],
303 silly audit   'ansi-styles': [ '4.3.0' ],
303 silly audit   'supports-color': [ '7.2.0' ],
303 silly audit   'color-convert': [ '2.0.1' ],
303 silly audit   'color-name': [ '1.1.4' ],
303 silly audit   'path-key': [ '3.1.1' ],
303 silly audit   'shebang-command': [ '2.0.0' ],
303 silly audit   which: [ '2.0.2' ],
303 silly audit   'graceful-fs': [ '4.2.11' ],
303 silly audit   jsonfile: [ '6.1.0' ],
303 silly audit   universalify: [ '2.0.1' ],
303 silly audit   'buffer-from': [ '0.1.2' ],
303 silly audit   duplexer2: [ '0.0.2' ],
303 silly audit   through2: [ '0.6.5' ],
303 silly audit   'readable-stream': [ '1.1.14', '2.3.8', '1.0.34' ],
303 silly audit   kleur: [ '3.0.3' ],
303 silly audit   sisteransi: [ '1.0.5' ],
303 silly audit   'core-util-is': [ '1.0.3' ],
303 silly audit   inherits: [ '2.0.4' ],
303 silly audit   isarray: [ '0.0.1', '1.0.0' ],
303 silly audit   string_decoder: [ '0.10.31', '1.1.1' ],
303 silly audit   'shebang-regex': [ '3.0.0' ],
303 silly audit   'has-flag': [ '4.0.0' ],
303 silly audit   debug: [ '2.6.9' ],
303 silly audit   fstream: [ '1.0.12' ],
303 silly audit   'fstream-ignore': [ '1.0.5' ],
303 silly audit   once: [ '1.4.0' ],
303 silly audit   rimraf: [ '2.7.1' ],
303 silly audit   tar: [ '2.2.2' ],
303 silly audit   'uid-number': [ '0.0.6' ],
303 silly audit   ms: [ '2.0.0' ],
303 silly audit   mkdirp: [ '0.5.6' ],
303 silly audit   minimatch: [ '3.1.2' ],
303 silly audit   'brace-expansion': [ '1.1.11' ],
303 silly audit   'balanced-match': [ '1.0.2' ],
303 silly audit   'concat-map': [ '0.0.1' ],
303 silly audit   minimist: [ '1.2.8' ],
303 silly audit   wrappy: [ '1.0.2' ],
303 silly audit   glob: [ '7.2.3' ],
303 silly audit   'fs.realpath': [ '1.0.0' ],
303 silly audit   inflight: [ '1.0.6' ],
303 silly audit   'path-is-absolute': [ '1.0.1' ],
303 silly audit   'block-stream': [ '0.0.9' ],
303 silly audit   xtend: [ '4.0.2' ],
303 silly audit   builtins: [ '1.0.3' ],
303 silly audit   isexe: [ '2.0.0' ],
303 silly audit   'process-nextick-args': [ '2.0.1' ],
303 silly audit   'safe-buffer': [ '5.1.2' ],
303 silly audit   'util-deprecate': [ '1.0.2' ]
303 silly audit }
304 silly tarball no local data for util-deprecate@https://registry.npmjs.org/util-deprecate/-/util-deprecate-1.0.2.tgz. Extracting by manifest.
305 silly tarball no local data for safe-buffer@https://registry.npmjs.org/safe-buffer/-/safe-buffer-5.1.2.tgz. Extracting by manifest.
306 silly tarball no local data for process-nextick-args@https://registry.npmjs.org/process-nextick-args/-/process-nextick-args-2.0.1.tgz. Extracting by manifest.
307 silly tarball no local data for isexe@https://registry.npmjs.org/isexe/-/isexe-2.0.0.tgz. Extracting by manifest.
308 silly tarball no local data for builtins@https://registry.npmjs.org/builtins/-/builtins-1.0.3.tgz. Extracting by manifest.
309 silly tarball no local data for xtend@https://registry.npmjs.org/xtend/-/xtend-4.0.2.tgz. Extracting by manifest.
310 silly tarball no local data for block-stream@https://registry.npmjs.org/block-stream/-/block-stream-0.0.9.tgz. Extracting by manifest.
311 silly tarball no local data for path-is-absolute@https://registry.npmjs.org/path-is-absolute/-/path-is-absolute-1.0.1.tgz. Extracting by manifest.
312 silly tarball no local data for inflight@https://registry.npmjs.org/inflight/-/inflight-1.0.6.tgz. Extracting by manifest.
313 silly tarball no local data for fs.realpath@https://registry.npmjs.org/fs.realpath/-/fs.realpath-1.0.0.tgz. Extracting by manifest.
314 silly tarball no local data for glob@https://registry.npmjs.org/glob/-/glob-7.2.3.tgz. Extracting by manifest.
315 silly tarball no local data for wrappy@https://registry.npmjs.org/wrappy/-/wrappy-1.0.2.tgz. Extracting by manifest.
316 silly tarball no local data for minimist@https://registry.npmjs.org/minimist/-/minimist-1.2.8.tgz. Extracting by manifest.
317 silly tarball no local data for concat-map@https://registry.npmjs.org/concat-map/-/concat-map-0.0.1.tgz. Extracting by manifest.
318 silly tarball no local data for balanced-match@https://registry.npmjs.org/balanced-match/-/balanced-match-1.0.2.tgz. Extracting by manifest.
319 silly tarball no local data for brace-expansion@https://registry.npmjs.org/brace-expansion/-/brace-expansion-1.1.11.tgz. Extracting by manifest.
320 silly tarball no local data for minimatch@https://registry.npmjs.org/minimatch/-/minimatch-3.1.2.tgz. Extracting by manifest.
321 silly tarball no local data for mkdirp@https://registry.npmjs.org/mkdirp/-/mkdirp-0.5.6.tgz. Extracting by manifest.
322 silly tarball no local data for ms@https://registry.npmjs.org/ms/-/ms-2.0.0.tgz. Extracting by manifest.
323 silly tarball no local data for uid-number@https://registry.npmjs.org/uid-number/-/uid-number-0.0.6.tgz. Extracting by manifest.
324 silly tarball no local data for tar@https://registry.npmjs.org/tar/-/tar-2.2.2.tgz. Extracting by manifest.
325 silly tarball no local data for rimraf@https://registry.npmjs.org/rimraf/-/rimraf-2.7.1.tgz. Extracting by manifest.
326 silly tarball no local data for once@https://registry.npmjs.org/once/-/once-1.4.0.tgz. Extracting by manifest.
327 silly tarball no local data for fstream-ignore@https://registry.npmjs.org/fstream-ignore/-/fstream-ignore-1.0.5.tgz. Extracting by manifest.
328 silly tarball no local data for fstream@https://registry.npmjs.org/fstream/-/fstream-1.0.12.tgz. Extracting by manifest.
329 silly tarball no local data for debug@https://registry.npmjs.org/debug/-/debug-2.6.9.tgz. Extracting by manifest.
330 silly tarball no local data for has-flag@https://registry.npmjs.org/has-flag/-/has-flag-4.0.0.tgz. Extracting by manifest.
331 silly tarball no local data for shebang-regex@https://registry.npmjs.org/shebang-regex/-/shebang-regex-3.0.0.tgz. Extracting by manifest.
332 silly tarball no local data for string_decoder@https://registry.npmjs.org/string_decoder/-/string_decoder-0.10.31.tgz. Extracting by manifest.
333 silly tarball no local data for isarray@https://registry.npmjs.org/isarray/-/isarray-0.0.1.tgz. Extracting by manifest.
334 silly tarball no local data for inherits@https://registry.npmjs.org/inherits/-/inherits-2.0.4.tgz. Extracting by manifest.
335 silly tarball no local data for core-util-is@https://registry.npmjs.org/core-util-is/-/core-util-is-1.0.3.tgz. Extracting by manifest.
336 silly tarball no local data for sisteransi@https://registry.npmjs.org/sisteransi/-/sisteransi-1.0.5.tgz. Extracting by manifest.
337 silly tarball no local data for kleur@https://registry.npmjs.org/kleur/-/kleur-3.0.3.tgz. Extracting by manifest.
338 silly tarball no local data for readable-stream@https://registry.npmjs.org/readable-stream/-/readable-stream-1.1.14.tgz. Extracting by manifest.
339 silly tarball no local data for through2@https://registry.npmjs.org/through2/-/through2-0.6.5.tgz. Extracting by manifest.
340 silly tarball no local data for duplexer2@https://registry.npmjs.org/duplexer2/-/duplexer2-0.0.2.tgz. Extracting by manifest.
341 silly tarball no local data for buffer-from@https://registry.npmjs.org/buffer-from/-/buffer-from-0.1.2.tgz. Extracting by manifest.
342 silly tarball no local data for universalify@https://registry.npmjs.org/universalify/-/universalify-2.0.1.tgz. Extracting by manifest.
343 silly tarball no local data for jsonfile@https://registry.npmjs.org/jsonfile/-/jsonfile-6.1.0.tgz. Extracting by manifest.
344 silly tarball no local data for graceful-fs@https://registry.npmjs.org/graceful-fs/-/graceful-fs-4.2.11.tgz. Extracting by manifest.
345 silly tarball no local data for which@https://registry.npmjs.org/which/-/which-2.0.2.tgz. Extracting by manifest.
346 silly tarball no local data for shebang-command@https://registry.npmjs.org/shebang-command/-/shebang-command-2.0.0.tgz. Extracting by manifest.
347 silly tarball no local data for path-key@https://registry.npmjs.org/path-key/-/path-key-3.1.1.tgz. Extracting by manifest.
348 silly tarball no local data for color-name@https://registry.npmjs.org/color-name/-/color-name-1.1.4.tgz. Extracting by manifest.
349 silly tarball no local data for color-convert@https://registry.npmjs.org/color-convert/-/color-convert-2.0.1.tgz. Extracting by manifest.
350 silly tarball no local data for supports-color@https://registry.npmjs.org/supports-color/-/supports-color-7.2.0.tgz. Extracting by manifest.
351 silly tarball no local data for ansi-styles@https://registry.npmjs.org/ansi-styles/-/ansi-styles-4.3.0.tgz. Extracting by manifest.
352 silly tarball no local data for validate-npm-package-name@https://registry.npmjs.org/validate-npm-package-name/-/validate-npm-package-name-3.0.0.tgz. Extracting by manifest.
353 silly tarball no local data for tmp@https://registry.npmjs.org/tmp/-/tmp-0.2.3.tgz. Extracting by manifest.
354 silly tarball no local data for tar-pack@https://registry.npmjs.org/tar-pack/-/tar-pack-3.4.1.tgz. Extracting by manifest.
355 silly tarball no local data for semver@https://registry.npmjs.org/semver/-/semver-7.6.2.tgz. Extracting by manifest.
356 silly tarball no local data for prompts@https://registry.npmjs.org/prompts/-/prompts-2.4.2.tgz. Extracting by manifest.
357 silly tarball no local data for hyperquest@https://registry.npmjs.org/hyperquest/-/hyperquest-2.1.3.tgz. Extracting by manifest.
358 silly tarball no local data for fs-extra@https://registry.npmjs.org/fs-extra/-/fs-extra-10.1.0.tgz. Extracting by manifest.
359 silly tarball no local data for envinfo@https://registry.npmjs.org/envinfo/-/envinfo-7.13.0.tgz. Extracting by manifest.
360 silly tarball no local data for cross-spawn@https://registry.npmjs.org/cross-spawn/-/cross-spawn-7.0.3.tgz. Extracting by manifest.
361 silly tarball no local data for commander@https://registry.npmjs.org/commander/-/commander-4.1.1.tgz. Extracting by manifest.
362 silly tarball no local data for chalk@https://registry.npmjs.org/chalk/-/chalk-4.1.2.tgz. Extracting by manifest.
363 silly tarball no local data for create-react-app@https://registry.npmjs.org/create-react-app/-/create-react-app-5.0.1.tgz. Extracting by manifest.
364 silly tarball no local data for readable-stream@https://registry.npmjs.org/readable-stream/-/readable-stream-1.0.34.tgz. Extracting by manifest.
365 silly tarball no local data for string_decoder@https://registry.npmjs.org/string_decoder/-/string_decoder-1.1.1.tgz. Extracting by manifest.
366 silly tarball no local data for isarray@https://registry.npmjs.org/isarray/-/isarray-1.0.0.tgz. Extracting by manifest.
367 silly tarball no local data for readable-stream@https://registry.npmjs.org/readable-stream/-/readable-stream-2.3.8.tgz. Extracting by manifest.
368 http fetch POST 200 https://registry.npmjs.org/-/npm/v1/security/advisories/bulk 324ms
369 timing auditReport:getReport Completed in 328ms
370 silly audit report {
370 silly audit report   tar: [
370 silly audit report     {
370 silly audit report       id: 1089685,
370 silly audit report       url: 'https://github.com/advisories/GHSA-3jfq-g458-7qm9',
370 silly audit report       title: 'Arbitrary File Creation/Overwrite due to insufficient absolute path sanitization',
370 silly audit report       severity: 'high',
370 silly audit report       vulnerable_versions: '<3.2.2',
370 silly audit report       cwe: [Array],
370 silly audit report       cvss: [Object]
370 silly audit report     },
370 silly audit report     {
370 silly audit report       id: 1095117,
370 silly audit report       url: 'https://github.com/advisories/GHSA-5955-9wpr-37jh',
370 silly audit report       title: 'Arbitrary File Creation/Overwrite on Windows via insufficient relative path sanitization',
370 silly audit report       severity: 'high',
370 silly audit report       vulnerable_versions: '<4.4.18',
370 silly audit report       cwe: [Array],
370 silly audit report       cvss: [Object]
370 silly audit report     },
370 silly audit report     {
370 silly audit report       id: 1097493,
370 silly audit report       url: 'https://github.com/advisories/GHSA-f5x3-32g6-xq36',
370 silly audit report       title: 'Denial of service while parsing a tar file due to lack of folders count validation',
370 silly audit report       severity: 'moderate',
370 silly audit report       vulnerable_versions: '<6.2.1',
370 silly audit report       cwe: [Array],
370 silly audit report       cvss: [Object]
370 silly audit report     }
370 silly audit report   ]
370 silly audit report }
371 timing metavuln:packument:tar Completed in 1ms
372 timing metavuln:cache:get:security-advisory:tar:Oa066nJpV2ox85F6qnk1N5eWmAmoWAMU7byYhWk4oYfHYrQ8aGHfCKRikfcy0dHDcKWKiPRc7Nz7R9fxKkj0Yw== Completed in 3ms
373 timing metavuln:load:security-advisory:tar:1089685 Completed in 7ms
374 timing metavuln:cache:get:security-advisory:tar:2lGtz15Gs28nRX11iCY/mSa25Ky4CfNVzD5qptDvtqdkLXPb/znmxdJ/4OrOyJZ2qQgFtnfxP9ee2xfimUMfuw== Completed in 11ms
375 timing metavuln:load:security-advisory:tar:1095117 Completed in 12ms
376 timing metavuln:cache:get:security-advisory:tar:xsfciMtNhQn+Vb692L8h5HEYBYUJ5Lhjy3bF//LOsKSn8tp0f1hbuDX26k9UtKJNPZjM5uuq2Cxlz3KwL19oJg== Completed in 24ms
377 timing metavuln:load:security-advisory:tar:1097493 Completed in 6ms
378 http fetch GET 200 https://registry.npmjs.org/xtend/-/xtend-4.0.2.tgz 380ms (cache miss)
379 timing reifyNode:node_modules/xtend Completed in 435ms
380 http fetch GET 200 https://registry.npmjs.org/isexe/-/isexe-2.0.0.tgz 396ms (cache miss)
381 timing reifyNode:node_modules/isexe Completed in 450ms
382 http fetch GET 200 https://registry.npmjs.org/path-is-absolute/-/path-is-absolute-1.0.1.tgz 393ms (cache miss)
383 timing reifyNode:node_modules/path-is-absolute Completed in 450ms
384 http fetch GET 200 https://registry.npmjs.org/wrappy/-/wrappy-1.0.2.tgz 389ms (cache miss)
385 timing reifyNode:node_modules/wrappy Completed in 450ms
386 timing metavuln:cache:put:security-advisory:tar:2lGtz15Gs28nRX11iCY/mSa25Ky4CfNVzD5qptDvtqdkLXPb/znmxdJ/4OrOyJZ2qQgFtnfxP9ee2xfimUMfuw== Completed in 116ms
387 timing metavuln:calculate:security-advisory:tar:1095117 Completed in 139ms
388 http fetch GET 200 https://registry.npmjs.org/builtins/-/builtins-1.0.3.tgz 409ms (cache miss)
389 timing reifyNode:node_modules/builtins Completed in 463ms
390 http fetch GET 200 https://registry.npmjs.org/process-nextick-args/-/process-nextick-args-2.0.1.tgz 429ms (cache miss)
391 timing reifyNode:node_modules/process-nextick-args Completed in 482ms
392 http fetch GET 200 https://registry.npmjs.org/util-deprecate/-/util-deprecate-1.0.2.tgz 433ms (cache miss)
393 timing reifyNode:node_modules/util-deprecate Completed in 483ms
394 http fetch GET 200 https://registry.npmjs.org/inflight/-/inflight-1.0.6.tgz 425ms (cache miss)
395 warn deprecated inflight@1.0.6: This module is not supported, and leaks memory. Do not use it. Check out lru-cache if you want a good and tested way to coalesce async requests by a key value, which is much more comprehensive and powerful.
396 timing reifyNode:node_modules/inflight Completed in 484ms
397 http fetch GET 200 https://registry.npmjs.org/fs.realpath/-/fs.realpath-1.0.0.tgz 425ms (cache miss)
398 timing reifyNode:node_modules/fs.realpath Completed in 484ms
399 timing metavuln:cache:put:security-advisory:tar:Oa066nJpV2ox85F6qnk1N5eWmAmoWAMU7byYhWk4oYfHYrQ8aGHfCKRikfcy0dHDcKWKiPRc7Nz7R9fxKkj0Yw== Completed in 174ms
400 timing metavuln:calculate:security-advisory:tar:1089685 Completed in 185ms
401 http fetch GET 200 https://registry.npmjs.org/concat-map/-/concat-map-0.0.1.tgz 445ms (cache miss)
402 timing reifyNode:node_modules/concat-map Completed in 509ms
403 timing metavuln:cache:put:security-advisory:tar:xsfciMtNhQn+Vb692L8h5HEYBYUJ5Lhjy3bF//LOsKSn8tp0f1hbuDX26k9UtKJNPZjM5uuq2Cxlz3KwL19oJg== Completed in 156ms
404 timing metavuln:calculate:security-advisory:tar:1097493 Completed in 186ms
405 timing metavuln:packument:tar-pack Completed in 0ms
406 http fetch GET 200 https://registry.npmjs.org/balanced-match/-/balanced-match-1.0.2.tgz 445ms (cache miss)
407 timing reifyNode:node_modules/balanced-match Completed in 509ms
408 http fetch GET 200 https://registry.npmjs.org/ms/-/ms-2.0.0.tgz 448ms (cache miss)
409 timing reifyNode:node_modules/ms Completed in 520ms
410 timing metavuln:cache:get:security-advisory:tar-pack:3KXljJwoAr/NHejfU6kg41RmjF3Pg6M28t7ViuMjk5SYV3kYL9qyGZ417dIFb1Y8K+hhpo0sBWpskxrKhsZQzQ== Completed in 13ms
411 timing metavuln:load:security-advisory:tar-pack:Oa066nJpV2ox85F6qnk1N5eWmAmoWAMU7byYhWk4oYfHYrQ8aGHfCKRikfcy0dHDcKWKiPRc7Nz7R9fxKkj0Yw== Completed in 14ms
412 http fetch GET 200 https://registry.npmjs.org/block-stream/-/block-stream-0.0.9.tgz 492ms (cache miss)
413 timing reifyNode:node_modules/block-stream Completed in 548ms
414 http fetch GET 200 https://registry.npmjs.org/glob/-/glob-7.2.3.tgz 488ms (cache miss)
415 warn deprecated glob@7.2.3: Glob versions prior to v9 are no longer supported
416 timing reifyNode:node_modules/glob Completed in 549ms
417 http fetch GET 200 https://registry.npmjs.org/minimatch/-/minimatch-3.1.2.tgz 504ms (cache miss)
418 timing reifyNode:node_modules/minimatch Completed in 570ms
419 http fetch GET 200 https://registry.npmjs.org/once/-/once-1.4.0.tgz 516ms (cache miss)
420 timing reifyNode:node_modules/once Completed in 598ms
421 http fetch GET 200 https://registry.npmjs.org/safe-buffer/-/safe-buffer-5.1.2.tgz 559ms (cache miss)
422 timing reifyNode:node_modules/safe-buffer Completed in 612ms
423 http fetch GET 200 https://registry.npmjs.org/uid-number/-/uid-number-0.0.6.tgz 531ms (cache miss)
424 warn deprecated uid-number@0.0.6: This package is no longer supported.
425 timing reifyNode:node_modules/uid-number Completed in 610ms
426 http fetch GET 200 https://registry.npmjs.org/brace-expansion/-/brace-expansion-1.1.11.tgz 546ms (cache miss)
427 timing reifyNode:node_modules/brace-expansion Completed in 611ms
428 http fetch GET 200 https://registry.npmjs.org/mkdirp/-/mkdirp-0.5.6.tgz 559ms (cache miss)
429 timing reifyNode:node_modules/mkdirp Completed in 626ms
430 http fetch GET 200 https://registry.npmjs.org/rimraf/-/rimraf-2.7.1.tgz 604ms (cache miss)
431 warn deprecated rimraf@2.7.1: Rimraf versions prior to v4 are no longer supported
432 timing reifyNode:node_modules/rimraf Completed in 685ms
433 http fetch GET 200 https://registry.npmjs.org/string_decoder/-/string_decoder-0.10.31.tgz 607ms (cache miss)
434 timing reifyNode:node_modules/string_decoder Completed in 697ms
435 http fetch GET 200 https://registry.npmjs.org/inherits/-/inherits-2.0.4.tgz 620ms (cache miss)
436 timing reifyNode:node_modules/inherits Completed in 710ms
437 http fetch GET 200 https://registry.npmjs.org/fstream-ignore/-/fstream-ignore-1.0.5.tgz 633ms (cache miss)
438 warn deprecated fstream-ignore@1.0.5: This package is no longer supported.
439 timing reifyNode:node_modules/fstream-ignore Completed in 716ms
440 http fetch GET 200 https://registry.npmjs.org/shebang-regex/-/shebang-regex-3.0.0.tgz 629ms (cache miss)
441 timing reifyNode:node_modules/shebang-regex Completed in 717ms
442 http fetch GET 200 https://registry.npmjs.org/core-util-is/-/core-util-is-1.0.3.tgz 625ms (cache miss)
443 timing reifyNode:node_modules/core-util-is Completed in 717ms
444 timing metavuln:cache:put:security-advisory:tar-pack:3KXljJwoAr/NHejfU6kg41RmjF3Pg6M28t7ViuMjk5SYV3kYL9qyGZ417dIFb1Y8K+hhpo0sBWpskxrKhsZQzQ== Completed in 225ms
445 timing metavuln:calculate:security-advisory:tar-pack:Oa066nJpV2ox85F6qnk1N5eWmAmoWAMU7byYhWk4oYfHYrQ8aGHfCKRikfcy0dHDcKWKiPRc7Nz7R9fxKkj0Yw== Completed in 252ms
446 timing metavuln:packument:create-react-app Completed in 0ms
447 timing metavuln:cache:get:security-advisory:create-react-app:BAP5sjD/UipbJVBCija12WlnlurqvRCOfkHPDCK3St763W6JIxpLfRD1F9PMmW4GEaZmK6BFkh/Pye257xPpCw== Completed in 8ms
448 timing metavuln:load:security-advisory:create-react-app:3KXljJwoAr/NHejfU6kg41RmjF3Pg6M28t7ViuMjk5SYV3kYL9qyGZ417dIFb1Y8K+hhpo0sBWpskxrKhsZQzQ== Completed in 12ms
449 http fetch GET 200 https://registry.npmjs.org/isarray/-/isarray-0.0.1.tgz 694ms (cache miss)
450 timing reifyNode:node_modules/isarray Completed in 784ms
451 http fetch GET 200 https://registry.npmjs.org/sisteransi/-/sisteransi-1.0.5.tgz 692ms (cache miss)
452 timing reifyNode:node_modules/sisteransi Completed in 784ms
453 http fetch GET 200 https://registry.npmjs.org/has-flag/-/has-flag-4.0.0.tgz 716ms (cache miss)
454 timing reifyNode:node_modules/has-flag Completed in 803ms
455 http fetch GET 200 https://registry.npmjs.org/kleur/-/kleur-3.0.3.tgz 726ms (cache miss)
456 timing reifyNode:node_modules/kleur Completed in 820ms
457 http fetch GET 200 https://registry.npmjs.org/buffer-from/-/buffer-from-0.1.2.tgz 709ms (cache miss)
458 timing reifyNode:node_modules/buffer-from Completed in 820ms
459 http fetch GET 200 https://registry.npmjs.org/shebang-command/-/shebang-command-2.0.0.tgz 704ms (cache miss)
460 timing reifyNode:node_modules/shebang-command Completed in 815ms
461 http fetch GET 200 https://registry.npmjs.org/duplexer2/-/duplexer2-0.0.2.tgz 713ms (cache miss)
462 timing reifyNode:node_modules/duplexer2 Completed in 823ms
463 http fetch GET 200 https://registry.npmjs.org/through2/-/through2-0.6.5.tgz 729ms (cache miss)
464 timing reifyNode:node_modules/through2 Completed in 824ms
465 http fetch GET 200 https://registry.npmjs.org/universalify/-/universalify-2.0.1.tgz 712ms (cache miss)
466 timing reifyNode:node_modules/universalify Completed in 824ms
467 http fetch GET 200 https://registry.npmjs.org/jsonfile/-/jsonfile-6.1.0.tgz 725ms (cache miss)
468 timing reifyNode:node_modules/jsonfile Completed in 838ms
469 http fetch GET 200 https://registry.npmjs.org/color-name/-/color-name-1.1.4.tgz 724ms (cache miss)
470 timing reifyNode:node_modules/color-name Completed in 837ms
471 http fetch GET 200 https://registry.npmjs.org/supports-color/-/supports-color-7.2.0.tgz 725ms (cache miss)
472 timing reifyNode:node_modules/supports-color Completed in 840ms
473 http fetch GET 200 https://registry.npmjs.org/minimist/-/minimist-1.2.8.tgz 785ms (cache miss)
474 timing reifyNode:node_modules/minimist Completed in 848ms
475 http fetch GET 200 https://registry.npmjs.org/path-key/-/path-key-3.1.1.tgz 729ms (cache miss)
476 timing reifyNode:node_modules/path-key Completed in 841ms
477 http fetch GET 200 https://registry.npmjs.org/graceful-fs/-/graceful-fs-4.2.11.tgz 735ms (cache miss)
478 timing reifyNode:node_modules/graceful-fs Completed in 845ms
479 http fetch GET 200 https://registry.npmjs.org/color-convert/-/color-convert-2.0.1.tgz 732ms (cache miss)
480 timing reifyNode:node_modules/color-convert Completed in 846ms
481 http fetch GET 200 https://registry.npmjs.org/which/-/which-2.0.2.tgz 738ms (cache miss)
482 timing reifyNode:node_modules/which Completed in 848ms
483 http fetch GET 200 https://registry.npmjs.org/validate-npm-package-name/-/validate-npm-package-name-3.0.0.tgz 743ms (cache miss)
484 timing reifyNode:node_modules/validate-npm-package-name Completed in 860ms
485 http fetch GET 200 https://registry.npmjs.org/ansi-styles/-/ansi-styles-4.3.0.tgz 744ms (cache miss)
486 timing reifyNode:node_modules/ansi-styles Completed in 860ms
487 http fetch GET 200 https://registry.npmjs.org/readable-stream/-/readable-stream-1.1.14.tgz 780ms (cache miss)
488 timing reifyNode:node_modules/readable-stream Completed in 874ms
489 http fetch GET 200 https://registry.npmjs.org/tar-pack/-/tar-pack-3.4.1.tgz 752ms (cache miss)
490 http fetch GET 200 https://registry.npmjs.org/debug/-/debug-2.6.9.tgz 792ms (cache miss)
491 timing reifyNode:node_modules/debug Completed in 878ms
492 http fetch GET 200 https://registry.npmjs.org/tmp/-/tmp-0.2.3.tgz 755ms (cache miss)
493 timing reifyNode:node_modules/tmp Completed in 873ms
494 timing reifyNode:node_modules/tar-pack Completed in 875ms
495 http fetch GET 200 https://registry.npmjs.org/cross-spawn/-/cross-spawn-7.0.3.tgz 753ms (cache miss)
496 timing reifyNode:node_modules/cross-spawn Completed in 877ms
497 http fetch GET 200 https://registry.npmjs.org/fstream/-/fstream-1.0.12.tgz 803ms (cache miss)
498 warn deprecated fstream@1.0.12: This package is no longer supported.
499 timing reifyNode:node_modules/fstream Completed in 888ms
500 http fetch GET 200 https://registry.npmjs.org/string_decoder/-/string_decoder-1.1.1.tgz 733ms (cache miss)
501 timing reifyNode:node_modules/tar-pack/node_modules/string_decoder Completed in 883ms
502 http fetch GET 200 https://registry.npmjs.org/readable-stream/-/readable-stream-1.0.34.tgz 735ms (cache miss)
503 http fetch GET 200 https://registry.npmjs.org/chalk/-/chalk-4.1.2.tgz 740ms (cache miss)
504 timing reifyNode:node_modules/chalk Completed in 883ms
505 http fetch GET 200 https://registry.npmjs.org/hyperquest/-/hyperquest-2.1.3.tgz 763ms (cache miss)
506 http fetch GET 200 https://registry.npmjs.org/isarray/-/isarray-1.0.0.tgz 738ms (cache miss)
507 timing reifyNode:node_modules/tar-pack/node_modules/isarray Completed in 891ms
508 http fetch GET 200 https://registry.npmjs.org/create-react-app/-/create-react-app-5.0.1.tgz 746ms (cache miss)
509 timing reifyNode:node_modules/create-react-app Completed in 890ms
510 timing metavuln:cache:put:security-advisory:create-react-app:BAP5sjD/UipbJVBCija12WlnlurqvRCOfkHPDCK3St763W6JIxpLfRD1F9PMmW4GEaZmK6BFkh/Pye257xPpCw== Completed in 117ms
511 timing metavuln:calculate:security-advisory:create-react-app:3KXljJwoAr/NHejfU6kg41RmjF3Pg6M28t7ViuMjk5SYV3kYL9qyGZ417dIFb1Y8K+hhpo0sBWpskxrKhsZQzQ== Completed in 137ms
512 timing auditReport:init Completed in 594ms
513 timing reify:audit Completed in 923ms
514 timing reifyNode:node_modules/through2/node_modules/readable-stream Completed in 916ms
515 timing reifyNode:node_modules/hyperquest Completed in 911ms
516 http fetch GET 200 https://registry.npmjs.org/commander/-/commander-4.1.1.tgz 774ms (cache miss)
517 timing reifyNode:node_modules/commander Completed in 917ms
518 http fetch GET 200 https://registry.npmjs.org/envinfo/-/envinfo-7.13.0.tgz 808ms (cache miss)
519 timing reifyNode:node_modules/envinfo Completed in 931ms
520 http fetch GET 200 https://registry.npmjs.org/readable-stream/-/readable-stream-2.3.8.tgz 783ms (cache miss)
521 timing reifyNode:node_modules/tar-pack/node_modules/readable-stream Completed in 938ms
522 http fetch GET 200 https://registry.npmjs.org/semver/-/semver-7.6.2.tgz 828ms (cache miss)
523 timing reifyNode:node_modules/semver Completed in 948ms
524 http fetch GET 200 https://registry.npmjs.org/fs-extra/-/fs-extra-10.1.0.tgz 827ms (cache miss)
525 timing reifyNode:node_modules/fs-extra Completed in 949ms
526 http fetch GET 200 https://registry.npmjs.org/prompts/-/prompts-2.4.2.tgz 840ms (cache miss)
527 timing reifyNode:node_modules/prompts Completed in 961ms
528 http fetch GET 200 https://registry.npmjs.org/tar/-/tar-2.2.2.tgz 907ms (cache miss)
529 warn deprecated tar@2.2.2: This version of tar is no longer supported, and will not receive security updates. Please upgrade asap.
530 timing reifyNode:node_modules/tar Completed in 992ms
531 timing reify:unpack Completed in 994ms
532 timing reify:unretire Completed in 0ms
533 timing build:queue Completed in 4ms
534 timing build:link:node_modules/create-react-app Completed in 3ms
535 timing build:link:node_modules/envinfo Completed in 3ms
536 timing build:link:node_modules/mkdirp Completed in 3ms
537 timing build:link:node_modules/rimraf Completed in 3ms
538 timing build:link:node_modules/semver Completed in 3ms
539 timing build:link:node_modules/which Completed in 3ms
540 timing build:link Completed in 4ms
541 timing build:deps Completed in 8ms
542 timing build Completed in 8ms
543 timing reify:build Completed in 9ms
544 timing reify:trash Completed in 0ms
545 timing reify:save Completed in 28ms
546 timing reify Completed in 3592ms
547 timing command:exec Completed in 114206ms
548 verbose exit 0
549 timing npm Completed in 114304ms
550 info ok
